Classic Timing Analyzer report for ep3_1
Fri Nov 30 11:58:12 2018
Quartus II Version 9.0 Build 184 04/29/2009 Service Pack 1 SJ Web Edition


---------------------
; Table of Contents ;
---------------------
  1. Legal Notice
  2. Timing Analyzer Summary
  3. Timing Analyzer Settings
  4. Parallel Compilation
  5. tpd
  6. Timing Analyzer Messages



----------------
; Legal Notice ;
----------------
Copyright (C) 1991-2009 Altera Corporation
Your use of Altera Corporation's design tools, logic functions 
and other software and tools, and its AMPP partner logic 
functions, and any output files from any of the foregoing 
(including device programming or simulation files), and any 
associated documentation or information are expressly subject 
to the terms and conditions of the Altera Program License 
Subscription Agreement, Altera MegaCore Function License 
Agreement, or other applicable license agreement, including, 
without limitation, that your use is for the sole purpose of 
programming logic devices manufactured by Altera and sold by 
Altera or its authorized distributors.  Please refer to the 
applicable agreement for further details.



+-------------------------------------------------------------------------------------------------------------------------+
; Timing Analyzer Summary                                                                                                 ;
+------------------------------+-------+---------------+-------------+------+------+------------+----------+--------------+
; Type                         ; Slack ; Required Time ; Actual Time ; From ; To   ; From Clock ; To Clock ; Failed Paths ;
+------------------------------+-------+---------------+-------------+------+------+------------+----------+--------------+
; Worst-case tpd               ; N/A   ; None          ; 10.093 ns   ; B[0] ; S[0] ; --         ; --       ; 0            ;
; Total number of failed paths ;       ;               ;             ;      ;      ;            ;          ; 0            ;
+------------------------------+-------+---------------+-------------+------+------+------------+----------+--------------+


+--------------------------------------------------------------------------------------------------------------------+
; Timing Analyzer Settings                                                                                           ;
+---------------------------------------------------------------------+--------------------+------+----+-------------+
; Option                                                              ; Setting            ; From ; To ; Entity Name ;
+---------------------------------------------------------------------+--------------------+------+----+-------------+
; Device Name                                                         ; EP2S15F484C3       ;      ;    ;             ;
; Timing Models                                                       ; Final              ;      ;    ;             ;
; Default hold multicycle                                             ; Same as Multicycle ;      ;    ;             ;
; Cut paths between unrelated clock domains                           ; On                 ;      ;    ;             ;
; Cut off read during write signal paths                              ; On                 ;      ;    ;             ;
; Cut off feedback from I/O pins                                      ; On                 ;      ;    ;             ;
; Report Combined Fast/Slow Timing                                    ; Off                ;      ;    ;             ;
; Ignore Clock Settings                                               ; Off                ;      ;    ;             ;
; Analyze latches as synchronous elements                             ; On                 ;      ;    ;             ;
; Enable Recovery/Removal analysis                                    ; Off                ;      ;    ;             ;
; Enable Clock Latency                                                ; Off                ;      ;    ;             ;
; Use TimeQuest Timing Analyzer                                       ; Off                ;      ;    ;             ;
; Number of source nodes to report per destination node               ; 10                 ;      ;    ;             ;
; Number of destination nodes to report                               ; 10                 ;      ;    ;             ;
; Number of paths to report                                           ; 200                ;      ;    ;             ;
; Report Minimum Timing Checks                                        ; Off                ;      ;    ;             ;
; Use Fast Timing Models                                              ; Off                ;      ;    ;             ;
; Report IO Paths Separately                                          ; Off                ;      ;    ;             ;
; Perform Multicorner Analysis                                        ; On                 ;      ;    ;             ;
; Reports the worst-case path for each clock domain and analysis      ; Off                ;      ;    ;             ;
; Removes common clock path pessimism (CCPP) during slack computation ; Off                ;      ;    ;             ;
; Output I/O Timing Endpoint                                          ; Near End           ;      ;    ;             ;
+---------------------------------------------------------------------+--------------------+------+----+-------------+


Parallel compilation was disabled, but you have multiple processors available. Enable parallel compilation to reduce compilation time.
+-------------------------------------+
; Parallel Compilation                ;
+----------------------------+--------+
; Processors                 ; Number ;
+----------------------------+--------+
; Number detected on machine ; 4      ;
; Maximum allowed            ; 1      ;
+----------------------------+--------+


+-----------------------------------------------------------+
; tpd                                                       ;
+-------+-------------------+-----------------+------+------+
; Slack ; Required P2P Time ; Actual P2P Time ; From ; To   ;
+-------+-------------------+-----------------+------+------+
; N/A   ; None              ; 10.093 ns       ; B[0] ; S[0] ;
; N/A   ; None              ; 10.079 ns       ; C0   ; S[1] ;
; N/A   ; None              ; 10.007 ns       ; B[0] ; S[2] ;
; N/A   ; None              ; 9.955 ns        ; A[1] ; S[2] ;
; N/A   ; None              ; 9.929 ns        ; B[0] ; S[1] ;
; N/A   ; None              ; 9.918 ns        ; C0   ; S[2] ;
; N/A   ; None              ; 9.873 ns        ; C0   ; S[0] ;
; N/A   ; None              ; 9.692 ns        ; A[2] ; S[2] ;
; N/A   ; None              ; 9.686 ns        ; B[1] ; S[2] ;
; N/A   ; None              ; 9.535 ns        ; A[0] ; S[2] ;
; N/A   ; None              ; 9.520 ns        ; A[0] ; S[0] ;
; N/A   ; None              ; 9.374 ns        ; A[1] ; S[1] ;
; N/A   ; None              ; 9.344 ns        ; B[1] ; S[1] ;
; N/A   ; None              ; 9.322 ns        ; A[0] ; S[1] ;
; N/A   ; None              ; 9.171 ns        ; B[0] ; S[3] ;
; N/A   ; None              ; 9.149 ns        ; B[2] ; S[2] ;
; N/A   ; None              ; 9.119 ns        ; A[1] ; S[3] ;
; N/A   ; None              ; 9.082 ns        ; C0   ; S[3] ;
; N/A   ; None              ; 9.061 ns        ; A[2] ; S[3] ;
; N/A   ; None              ; 9.005 ns        ; B[3] ; S[3] ;
; N/A   ; None              ; 8.850 ns        ; B[1] ; S[3] ;
; N/A   ; None              ; 8.699 ns        ; A[0] ; S[3] ;
; N/A   ; None              ; 8.442 ns        ; B[0] ; C4   ;
; N/A   ; None              ; 8.390 ns        ; A[1] ; C4   ;
; N/A   ; None              ; 8.353 ns        ; C0   ; C4   ;
; N/A   ; None              ; 8.332 ns        ; A[2] ; C4   ;
; N/A   ; None              ; 8.275 ns        ; B[3] ; C4   ;
; N/A   ; None              ; 8.121 ns        ; B[1] ; C4   ;
; N/A   ; None              ; 8.089 ns        ; B[2] ; S[3] ;
; N/A   ; None              ; 7.970 ns        ; A[0] ; C4   ;
; N/A   ; None              ; 7.391 ns        ; B[2] ; C4   ;
; N/A   ; None              ; 5.412 ns        ; A[3] ; S[3] ;
; N/A   ; None              ; 4.648 ns        ; A[3] ; C4   ;
+-------+-------------------+-----------------+------+------+


+--------------------------+
; Timing Analyzer Messages ;
+--------------------------+
Info: *******************************************************************
Info: Running Quartus II Classic Timing Analyzer
    Info: Version 9.0 Build 184 04/29/2009 Service Pack 1 SJ Web Edition
    Info: Processing started: Fri Nov 30 11:58:12 2018
Info: Command: quartus_tan --read_settings_files=off --write_settings_files=off ep3_1 -c ep3_1 --timing_analysis_only
Info: Longest tpd from source pin "B[0]" to destination pin "S[0]" is 10.093 ns
    Info: 1: + IC(0.000 ns) + CELL(0.810 ns) = 0.810 ns; Loc. = PIN_T6; Fanout = 3; PIN Node = 'B[0]'
    Info: 2: + IC(4.247 ns) + CELL(0.346 ns) = 5.403 ns; Loc. = LCCOMB_X19_Y2_N16; Fanout = 1; COMB Node = 'fulladd:inst3|S'
    Info: 3: + IC(2.692 ns) + CELL(1.998 ns) = 10.093 ns; Loc. = PIN_C11; Fanout = 0; PIN Node = 'S[0]'
    Info: Total cell delay = 3.154 ns ( 31.25 % )
    Info: Total interconnect delay = 6.939 ns ( 68.75 % )
Info: Quartus II Classic Timing Analyzer was successful. 0 errors, 0 warnings
    Info: Peak virtual memory: 216 megabytes
    Info: Processing ended: Fri Nov 30 11:58:12 2018
    Info: Elapsed time: 00:00:00
    Info: Total CPU time (on all processors): 00:00:00


