Classic Timing Analyzer report for register8
Fri Dec 07 19:37:01 2018
Quartus II Version 9.0 Build 184 04/29/2009 Service Pack 1 SJ Web Edition


---------------------
; Table of Contents ;
---------------------
  1. Legal Notice
  2. Timing Analyzer Summary
  3. Timing Analyzer Settings
  4. Clock Settings Summary
  5. Parallel Compilation
  6. tsu
  7. tco
  8. th
  9. Timing Analyzer Messages



----------------
; Legal Notice ;
----------------
Copyright (C) 1991-2009 Altera Corporation
Your use of Altera Corporation's design tools, logic functions 
and other software and tools, and its AMPP partner logic 
functions, and any output files from any of the foregoing 
(including device programming or simulation files), and any 
associated documentation or information are expressly subject 
to the terms and conditions of the Altera Program License 
Subscription Agreement, Altera MegaCore Function License 
Agreement, or other applicable license agreement, including, 
without limitation, that your use is for the sole purpose of 
programming logic devices manufactured by Altera and sold by 
Altera or its authorized distributors.  Please refer to the 
applicable agreement for further details.



+-------------------------------------------------------------------------------------------------------------------------+
; Timing Analyzer Summary                                                                                                 ;
+------------------------------+-------+---------------+-------------+------+------+------------+----------+--------------+
; Type                         ; Slack ; Required Time ; Actual Time ; From ; To   ; From Clock ; To Clock ; Failed Paths ;
+------------------------------+-------+---------------+-------------+------+------+------------+----------+--------------+
; Worst-case tsu               ; N/A   ; None          ; 2.867 ns    ; a[1] ; b[1] ; --         ; clk      ; 0            ;
; Worst-case tco               ; N/A   ; None          ; 6.965 ns    ; b[4] ; c[4] ; clk        ; --       ; 0            ;
; Worst-case th                ; N/A   ; None          ; -2.159 ns   ; a[7] ; b[7] ; --         ; clk      ; 0            ;
; Total number of failed paths ;       ;               ;             ;      ;      ;            ;          ; 0            ;
+------------------------------+-------+---------------+-------------+------+------+------------+----------+--------------+


+--------------------------------------------------------------------------------------------------------------------+
; Timing Analyzer Settings                                                                                           ;
+---------------------------------------------------------------------+--------------------+------+----+-------------+
; Option                                                              ; Setting            ; From ; To ; Entity Name ;
+---------------------------------------------------------------------+--------------------+------+----+-------------+
; Device Name                                                         ; EP2S15F484C3       ;      ;    ;             ;
; Timing Models                                                       ; Final              ;      ;    ;             ;
; Default hold multicycle                                             ; Same as Multicycle ;      ;    ;             ;
; Cut paths between unrelated clock domains                           ; On                 ;      ;    ;             ;
; Cut off read during write signal paths                              ; On                 ;      ;    ;             ;
; Cut off feedback from I/O pins                                      ; On                 ;      ;    ;             ;
; Report Combined Fast/Slow Timing                                    ; Off                ;      ;    ;             ;
; Ignore Clock Settings                                               ; Off                ;      ;    ;             ;
; Analyze latches as synchronous elements                             ; On                 ;      ;    ;             ;
; Enable Recovery/Removal analysis                                    ; Off                ;      ;    ;             ;
; Enable Clock Latency                                                ; Off                ;      ;    ;             ;
; Use TimeQuest Timing Analyzer                                       ; Off                ;      ;    ;             ;
; Number of source nodes to report per destination node               ; 10                 ;      ;    ;             ;
; Number of destination nodes to report                               ; 10                 ;      ;    ;             ;
; Number of paths to report                                           ; 200                ;      ;    ;             ;
; Report Minimum Timing Checks                                        ; Off                ;      ;    ;             ;
; Use Fast Timing Models                                              ; Off                ;      ;    ;             ;
; Report IO Paths Separately                                          ; Off                ;      ;    ;             ;
; Perform Multicorner Analysis                                        ; On                 ;      ;    ;             ;
; Reports the worst-case path for each clock domain and analysis      ; Off                ;      ;    ;             ;
; Removes common clock path pessimism (CCPP) during slack computation ; Off                ;      ;    ;             ;
; Output I/O Timing Endpoint                                          ; Near End           ;      ;    ;             ;
+---------------------------------------------------------------------+--------------------+------+----+-------------+


+------------------------------------------------------------------------------------------------------------------------------------------------------------------------------------+
; Clock Settings Summary                                                                                                                                                             ;
+-----------------+--------------------+----------+------------------+---------------+--------------+----------+-----------------------+---------------------+--------+--------------+
; Clock Node Name ; Clock Setting Name ; Type     ; Fmax Requirement ; Early Latency ; Late Latency ; Based on ; Multiply Base Fmax by ; Divide Base Fmax by ; Offset ; Phase offset ;
+-----------------+--------------------+----------+------------------+---------------+--------------+----------+-----------------------+---------------------+--------+--------------+
; clk             ;                    ; User Pin ; None             ; 0.000 ns      ; 0.000 ns     ; --       ; N/A                   ; N/A                 ; N/A    ;              ;
+-----------------+--------------------+----------+------------------+---------------+--------------+----------+-----------------------+---------------------+--------+--------------+


Parallel compilation was disabled, but you have multiple processors available. Enable parallel compilation to reduce compilation time.
+-------------------------------------+
; Parallel Compilation                ;
+----------------------------+--------+
; Processors                 ; Number ;
+----------------------------+--------+
; Number detected on machine ; 4      ;
; Maximum allowed            ; 1      ;
+----------------------------+--------+


+------------------------------------------------------------+
; tsu                                                        ;
+-------+--------------+------------+------+------+----------+
; Slack ; Required tsu ; Actual tsu ; From ; To   ; To Clock ;
+-------+--------------+------------+------+------+----------+
; N/A   ; None         ; 2.867 ns   ; a[1] ; b[1] ; clk      ;
; N/A   ; None         ; 2.822 ns   ; ld   ; b[0] ; clk      ;
; N/A   ; None         ; 2.822 ns   ; ld   ; b[1] ; clk      ;
; N/A   ; None         ; 2.822 ns   ; ld   ; b[2] ; clk      ;
; N/A   ; None         ; 2.822 ns   ; ld   ; b[3] ; clk      ;
; N/A   ; None         ; 2.822 ns   ; ld   ; b[4] ; clk      ;
; N/A   ; None         ; 2.822 ns   ; ld   ; b[5] ; clk      ;
; N/A   ; None         ; 2.822 ns   ; ld   ; b[6] ; clk      ;
; N/A   ; None         ; 2.822 ns   ; ld   ; b[7] ; clk      ;
; N/A   ; None         ; 2.806 ns   ; a[2] ; b[2] ; clk      ;
; N/A   ; None         ; 2.622 ns   ; a[4] ; b[4] ; clk      ;
; N/A   ; None         ; 2.599 ns   ; a[6] ; b[6] ; clk      ;
; N/A   ; None         ; 2.444 ns   ; a[3] ; b[3] ; clk      ;
; N/A   ; None         ; 2.403 ns   ; a[5] ; b[5] ; clk      ;
; N/A   ; None         ; 2.402 ns   ; a[0] ; b[0] ; clk      ;
; N/A   ; None         ; 2.398 ns   ; a[7] ; b[7] ; clk      ;
+-------+--------------+------------+------+------+----------+


+--------------------------------------------------------------+
; tco                                                          ;
+-------+--------------+------------+------+------+------------+
; Slack ; Required tco ; Actual tco ; From ; To   ; From Clock ;
+-------+--------------+------------+------+------+------------+
; N/A   ; None         ; 6.965 ns   ; b[4] ; c[4] ; clk        ;
; N/A   ; None         ; 5.285 ns   ; b[1] ; c[1] ; clk        ;
; N/A   ; None         ; 5.242 ns   ; b[5] ; c[5] ; clk        ;
; N/A   ; None         ; 5.211 ns   ; b[0] ; c[0] ; clk        ;
; N/A   ; None         ; 5.115 ns   ; b[2] ; c[2] ; clk        ;
; N/A   ; None         ; 5.110 ns   ; b[7] ; c[7] ; clk        ;
; N/A   ; None         ; 5.108 ns   ; b[6] ; c[6] ; clk        ;
; N/A   ; None         ; 5.051 ns   ; b[3] ; c[3] ; clk        ;
+-------+--------------+------------+------+------+------------+


+------------------------------------------------------------------+
; th                                                               ;
+---------------+-------------+-----------+------+------+----------+
; Minimum Slack ; Required th ; Actual th ; From ; To   ; To Clock ;
+---------------+-------------+-----------+------+------+----------+
; N/A           ; None        ; -2.159 ns ; a[7] ; b[7] ; clk      ;
; N/A           ; None        ; -2.163 ns ; a[0] ; b[0] ; clk      ;
; N/A           ; None        ; -2.164 ns ; a[5] ; b[5] ; clk      ;
; N/A           ; None        ; -2.205 ns ; a[3] ; b[3] ; clk      ;
; N/A           ; None        ; -2.360 ns ; a[6] ; b[6] ; clk      ;
; N/A           ; None        ; -2.383 ns ; a[4] ; b[4] ; clk      ;
; N/A           ; None        ; -2.567 ns ; a[2] ; b[2] ; clk      ;
; N/A           ; None        ; -2.583 ns ; ld   ; b[0] ; clk      ;
; N/A           ; None        ; -2.583 ns ; ld   ; b[1] ; clk      ;
; N/A           ; None        ; -2.583 ns ; ld   ; b[2] ; clk      ;
; N/A           ; None        ; -2.583 ns ; ld   ; b[3] ; clk      ;
; N/A           ; None        ; -2.583 ns ; ld   ; b[4] ; clk      ;
; N/A           ; None        ; -2.583 ns ; ld   ; b[5] ; clk      ;
; N/A           ; None        ; -2.583 ns ; ld   ; b[6] ; clk      ;
; N/A           ; None        ; -2.583 ns ; ld   ; b[7] ; clk      ;
; N/A           ; None        ; -2.628 ns ; a[1] ; b[1] ; clk      ;
+---------------+-------------+-----------+------+------+----------+


+--------------------------+
; Timing Analyzer Messages ;
+--------------------------+
Info: *******************************************************************
Info: Running Quartus II Classic Timing Analyzer
    Info: Version 9.0 Build 184 04/29/2009 Service Pack 1 SJ Web Edition
    Info: Processing started: Fri Dec 07 19:37:01 2018
Info: Command: quartus_tan --read_settings_files=off --write_settings_files=off register8 -c register8 --timing_analysis_only
Warning: Found pins functioning as undefined clocks and/or memory enables
    Info: Assuming node "clk" is an undefined clock
Info: No valid register-to-register data paths exist for clock "clk"
Info: tsu for register "b[1]" (data pin = "a[1]", clock pin = "clk") is 2.867 ns
    Info: + Longest pin to register delay is 5.273 ns
        Info: 1: + IC(0.000 ns) + CELL(0.809 ns) = 0.809 ns; Loc. = PIN_Y12; Fanout = 1; PIN Node = 'a[1]'
        Info: 2: + IC(4.155 ns) + CELL(0.309 ns) = 5.273 ns; Loc. = LCFF_X25_Y1_N17; Fanout = 1; REG Node = 'b[1]'
        Info: Total cell delay = 1.118 ns ( 21.20 % )
        Info: Total interconnect delay = 4.155 ns ( 78.80 % )
    Info: + Micro setup delay of destination is 0.090 ns
    Info: - Shortest clock path from clock "clk" to destination register is 2.496 ns
        Info: 1: + IC(0.000 ns) + CELL(0.854 ns) = 0.854 ns; Loc. = PIN_N20; Fanout = 1; CLK Node = 'clk'
        Info: 2: + IC(0.343 ns) + CELL(0.000 ns) = 1.197 ns; Loc. = CLKCTRL_G3; Fanout = 8; COMB Node = 'clk~clkctrl'
        Info: 3: + IC(0.681 ns) + CELL(0.618 ns) = 2.496 ns; Loc. = LCFF_X25_Y1_N17; Fanout = 1; REG Node = 'b[1]'
        Info: Total cell delay = 1.472 ns ( 58.97 % )
        Info: Total interconnect delay = 1.024 ns ( 41.03 % )
Info: tco from clock "clk" to destination pin "c[4]" through register "b[4]" is 6.965 ns
    Info: + Longest clock path from clock "clk" to source register is 2.496 ns
        Info: 1: + IC(0.000 ns) + CELL(0.854 ns) = 0.854 ns; Loc. = PIN_N20; Fanout = 1; CLK Node = 'clk'
        Info: 2: + IC(0.343 ns) + CELL(0.000 ns) = 1.197 ns; Loc. = CLKCTRL_G3; Fanout = 8; COMB Node = 'clk~clkctrl'
        Info: 3: + IC(0.681 ns) + CELL(0.618 ns) = 2.496 ns; Loc. = LCFF_X25_Y1_N27; Fanout = 1; REG Node = 'b[4]'
        Info: Total cell delay = 1.472 ns ( 58.97 % )
        Info: Total interconnect delay = 1.024 ns ( 41.03 % )
    Info: + Micro clock to output delay of source is 0.094 ns
    Info: + Longest register to pin delay is 4.375 ns
        Info: 1: + IC(0.000 ns) + CELL(0.000 ns) = 0.000 ns; Loc. = LCFF_X25_Y1_N27; Fanout = 1; REG Node = 'b[4]'
        Info: 2: + IC(2.339 ns) + CELL(2.036 ns) = 4.375 ns; Loc. = PIN_C10; Fanout = 0; PIN Node = 'c[4]'
        Info: Total cell delay = 2.036 ns ( 46.54 % )
        Info: Total interconnect delay = 2.339 ns ( 53.46 % )
Info: th for register "b[7]" (data pin = "a[7]", clock pin = "clk") is -2.159 ns
    Info: + Longest clock path from clock "clk" to destination register is 2.496 ns
        Info: 1: + IC(0.000 ns) + CELL(0.854 ns) = 0.854 ns; Loc. = PIN_N20; Fanout = 1; CLK Node = 'clk'
        Info: 2: + IC(0.343 ns) + CELL(0.000 ns) = 1.197 ns; Loc. = CLKCTRL_G3; Fanout = 8; COMB Node = 'clk~clkctrl'
        Info: 3: + IC(0.681 ns) + CELL(0.618 ns) = 2.496 ns; Loc. = LCFF_X25_Y1_N31; Fanout = 1; REG Node = 'b[7]'
        Info: Total cell delay = 1.472 ns ( 58.97 % )
        Info: Total interconnect delay = 1.024 ns ( 41.03 % )
    Info: + Micro hold delay of destination is 0.149 ns
    Info: - Shortest pin to register delay is 4.804 ns
        Info: 1: + IC(0.000 ns) + CELL(0.799 ns) = 0.799 ns; Loc. = PIN_V9; Fanout = 1; PIN Node = 'a[7]'
        Info: 2: + IC(3.696 ns) + CELL(0.309 ns) = 4.804 ns; Loc. = LCFF_X25_Y1_N31; Fanout = 1; REG Node = 'b[7]'
        Info: Total cell delay = 1.108 ns ( 23.06 % )
        Info: Total interconnect delay = 3.696 ns ( 76.94 % )
Info: Quartus II Classic Timing Analyzer was successful. 0 errors, 1 warning
    Info: Peak virtual memory: 216 megabytes
    Info: Processing ended: Fri Dec 07 19:37:01 2018
    Info: Elapsed time: 00:00:00
    Info: Total CPU time (on all processors): 00:00:00


