Simulator report for mux31
Tue Jan 02 17:17:25 2018
Quartus II Version 9.0 Build 184 04/29/2009 Service Pack 1 SJ Web Edition


---------------------
; Table of Contents ;
---------------------
  1. Legal Notice
  2. Simulator Summary
  3. Simulator Settings
  4. Simulation Waveforms
  5. Coverage Summary
  6. Complete 1/0-Value Coverage
  7. Missing 1-Value Coverage
  8. Missing 0-Value Coverage
  9. Simulator INI Usage
 10. Simulator Messages



----------------
; Legal Notice ;
----------------
Copyright (C) 1991-2009 Altera Corporation
Your use of Altera Corporation's design tools, logic functions 
and other software and tools, and its AMPP partner logic 
functions, and any output files from any of the foregoing 
(including device programming or simulation files), and any 
associated documentation or information are expressly subject 
to the terms and conditions of the Altera Program License 
Subscription Agreement, Altera MegaCore Function License 
Agreement, or other applicable license agreement, including, 
without limitation, that your use is for the sole purpose of 
programming logic devices manufactured by Altera and sold by 
Altera or its authorized distributors.  Please refer to the 
applicable agreement for further details.



+--------------------------------------------+
; Simulator Summary                          ;
+-----------------------------+--------------+
; Type                        ; Value        ;
+-----------------------------+--------------+
; Simulation Start Time       ; 0 ps         ;
; Simulation End Time         ; 1.0 us       ;
; Simulation Netlist Size     ; 150 nodes    ;
; Simulation Coverage         ;      62.67 % ;
; Total Number of Transitions ; 365          ;
; Simulation Breakpoints      ; 0            ;
; Family                      ; Stratix II   ;
+-----------------------------+--------------+


+-------------------------------------------------------------------------------------------------------------------------+
; Simulator Settings                                                                                                      ;
+--------------------------------------------------------------------------------------------+------------+---------------+
; Option                                                                                     ; Setting    ; Default Value ;
+--------------------------------------------------------------------------------------------+------------+---------------+
; Simulation mode                                                                            ; Functional ; Timing        ;
; Start time                                                                                 ; 0 ns       ; 0 ns          ;
; Simulation results format                                                                  ; CVWF       ;               ;
; Add pins automatically to simulation output waveforms                                      ; On         ; On            ;
; Check outputs                                                                              ; Off        ; Off           ;
; Report simulation coverage                                                                 ; On         ; On            ;
; Display complete 1/0 value coverage report                                                 ; On         ; On            ;
; Display missing 1-value coverage report                                                    ; On         ; On            ;
; Display missing 0-value coverage report                                                    ; On         ; On            ;
; Detect setup and hold time violations                                                      ; Off        ; Off           ;
; Detect glitches                                                                            ; Off        ; Off           ;
; Disable timing delays in Timing Simulation                                                 ; Off        ; Off           ;
; Generate Signal Activity File                                                              ; Off        ; Off           ;
; Generate VCD File for PowerPlay Power Analyzer                                             ; Off        ; Off           ;
; Group bus channels in simulation results                                                   ; Off        ; Off           ;
; Preserve fewer signal transitions to reduce memory requirements                            ; On         ; On            ;
; Trigger vector comparison with the specified mode                                          ; INPUT_EDGE ; INPUT_EDGE    ;
; Disable setup and hold time violations detection in input registers of bi-directional pins ; Off        ; Off           ;
; Overwrite Waveform Inputs With Simulation Outputs                                          ; Off        ;               ;
; Perform Glitch Filtering in Timing Simulation                                              ; Auto       ; Auto          ;
+--------------------------------------------------------------------------------------------+------------+---------------+


+----------------------+
; Simulation Waveforms ;
+----------------------+
Waveform report data cannot be output to ASCII.
Please use Quartus II to view the waveform report data.


+--------------------------------------------------------------------+
; Coverage Summary                                                   ;
+-----------------------------------------------------+--------------+
; Type                                                ; Value        ;
+-----------------------------------------------------+--------------+
; Total coverage as a percentage                      ;      62.67 % ;
; Total nodes checked                                 ; 150          ;
; Total output ports checked                          ; 150          ;
; Total output ports with complete 1/0-value coverage ; 94           ;
; Total output ports with no 1/0-value coverage       ; 52           ;
; Total output ports with no 1-value coverage         ; 52           ;
; Total output ports with no 0-value coverage         ; 56           ;
+-----------------------------------------------------+--------------+


The following table displays output ports that toggle between 1 and 0 during simulation.
+----------------------------------------------------------------------------------------------------------------------------------------------------------+
; Complete 1/0-Value Coverage                                                                                                                              ;
+-------------------------------------------------------------------+-------------------------------------------------------------------+------------------+
; Node Name                                                         ; Output Port Name                                                  ; Output Port Type ;
+-------------------------------------------------------------------+-------------------------------------------------------------------+------------------+
; |mux31|output[0]~1                                                ; |mux31|output[0]~1                                                ; out              ;
; |mux31|output[1]~2                                                ; |mux31|output[1]~2                                                ; out              ;
; |mux31|output[2]~3                                                ; |mux31|output[2]~3                                                ; out              ;
; |mux31|output[3]~4                                                ; |mux31|output[3]~4                                                ; out              ;
; |mux31|output[4]~5                                                ; |mux31|output[4]~5                                                ; out              ;
; |mux31|output[7]~8                                                ; |mux31|output[7]~8                                                ; out              ;
; |mux31|MADD[0]                                                    ; |mux31|MADD[0]                                                    ; out              ;
; |mux31|MADD[1]                                                    ; |mux31|MADD[1]                                                    ; out              ;
; |mux31|output[0]                                                  ; |mux31|output[0]                                                  ; pin_out          ;
; |mux31|output[1]                                                  ; |mux31|output[1]                                                  ; pin_out          ;
; |mux31|output[2]                                                  ; |mux31|output[2]                                                  ; pin_out          ;
; |mux31|output[3]                                                  ; |mux31|output[3]                                                  ; pin_out          ;
; |mux31|output[4]                                                  ; |mux31|output[4]                                                  ; pin_out          ;
; |mux31|output[7]                                                  ; |mux31|output[7]                                                  ; pin_out          ;
; |mux31|lpm_mux:Mux8|mux_0oc:auto_generated|l1_w0_n0_mux_dataout~0 ; |mux31|lpm_mux:Mux8|mux_0oc:auto_generated|l1_w0_n0_mux_dataout~0 ; out0             ;
; |mux31|lpm_mux:Mux8|mux_0oc:auto_generated|_~0                    ; |mux31|lpm_mux:Mux8|mux_0oc:auto_generated|_~0                    ; out0             ;
; |mux31|lpm_mux:Mux8|mux_0oc:auto_generated|l1_w0_n0_mux_dataout~1 ; |mux31|lpm_mux:Mux8|mux_0oc:auto_generated|l1_w0_n0_mux_dataout~1 ; out0             ;
; |mux31|lpm_mux:Mux8|mux_0oc:auto_generated|l1_w0_n0_mux_dataout   ; |mux31|lpm_mux:Mux8|mux_0oc:auto_generated|l1_w0_n0_mux_dataout   ; out0             ;
; |mux31|lpm_mux:Mux8|mux_0oc:auto_generated|_~1                    ; |mux31|lpm_mux:Mux8|mux_0oc:auto_generated|_~1                    ; out0             ;
; |mux31|lpm_mux:Mux8|mux_0oc:auto_generated|l1_w0_n1_mux_dataout~1 ; |mux31|lpm_mux:Mux8|mux_0oc:auto_generated|l1_w0_n1_mux_dataout~1 ; out0             ;
; |mux31|lpm_mux:Mux8|mux_0oc:auto_generated|l1_w0_n1_mux_dataout   ; |mux31|lpm_mux:Mux8|mux_0oc:auto_generated|l1_w0_n1_mux_dataout   ; out0             ;
; |mux31|lpm_mux:Mux8|mux_0oc:auto_generated|l2_w0_n0_mux_dataout~0 ; |mux31|lpm_mux:Mux8|mux_0oc:auto_generated|l2_w0_n0_mux_dataout~0 ; out0             ;
; |mux31|lpm_mux:Mux8|mux_0oc:auto_generated|_~2                    ; |mux31|lpm_mux:Mux8|mux_0oc:auto_generated|_~2                    ; out0             ;
; |mux31|lpm_mux:Mux8|mux_0oc:auto_generated|l2_w0_n0_mux_dataout~1 ; |mux31|lpm_mux:Mux8|mux_0oc:auto_generated|l2_w0_n0_mux_dataout~1 ; out0             ;
; |mux31|lpm_mux:Mux8|mux_0oc:auto_generated|l2_w0_n0_mux_dataout   ; |mux31|lpm_mux:Mux8|mux_0oc:auto_generated|l2_w0_n0_mux_dataout   ; out0             ;
; |mux31|lpm_mux:Mux7|mux_0oc:auto_generated|l1_w0_n0_mux_dataout~0 ; |mux31|lpm_mux:Mux7|mux_0oc:auto_generated|l1_w0_n0_mux_dataout~0 ; out0             ;
; |mux31|lpm_mux:Mux7|mux_0oc:auto_generated|_~0                    ; |mux31|lpm_mux:Mux7|mux_0oc:auto_generated|_~0                    ; out0             ;
; |mux31|lpm_mux:Mux7|mux_0oc:auto_generated|l1_w0_n0_mux_dataout~1 ; |mux31|lpm_mux:Mux7|mux_0oc:auto_generated|l1_w0_n0_mux_dataout~1 ; out0             ;
; |mux31|lpm_mux:Mux7|mux_0oc:auto_generated|l1_w0_n0_mux_dataout   ; |mux31|lpm_mux:Mux7|mux_0oc:auto_generated|l1_w0_n0_mux_dataout   ; out0             ;
; |mux31|lpm_mux:Mux7|mux_0oc:auto_generated|_~1                    ; |mux31|lpm_mux:Mux7|mux_0oc:auto_generated|_~1                    ; out0             ;
; |mux31|lpm_mux:Mux7|mux_0oc:auto_generated|_~2                    ; |mux31|lpm_mux:Mux7|mux_0oc:auto_generated|_~2                    ; out0             ;
; |mux31|lpm_mux:Mux7|mux_0oc:auto_generated|l2_w0_n0_mux_dataout~1 ; |mux31|lpm_mux:Mux7|mux_0oc:auto_generated|l2_w0_n0_mux_dataout~1 ; out0             ;
; |mux31|lpm_mux:Mux7|mux_0oc:auto_generated|l2_w0_n0_mux_dataout   ; |mux31|lpm_mux:Mux7|mux_0oc:auto_generated|l2_w0_n0_mux_dataout   ; out0             ;
; |mux31|lpm_mux:Mux6|mux_0oc:auto_generated|_~0                    ; |mux31|lpm_mux:Mux6|mux_0oc:auto_generated|_~0                    ; out0             ;
; |mux31|lpm_mux:Mux6|mux_0oc:auto_generated|l1_w0_n0_mux_dataout~1 ; |mux31|lpm_mux:Mux6|mux_0oc:auto_generated|l1_w0_n0_mux_dataout~1 ; out0             ;
; |mux31|lpm_mux:Mux6|mux_0oc:auto_generated|l1_w0_n0_mux_dataout   ; |mux31|lpm_mux:Mux6|mux_0oc:auto_generated|l1_w0_n0_mux_dataout   ; out0             ;
; |mux31|lpm_mux:Mux6|mux_0oc:auto_generated|_~1                    ; |mux31|lpm_mux:Mux6|mux_0oc:auto_generated|_~1                    ; out0             ;
; |mux31|lpm_mux:Mux6|mux_0oc:auto_generated|l1_w0_n1_mux_dataout~1 ; |mux31|lpm_mux:Mux6|mux_0oc:auto_generated|l1_w0_n1_mux_dataout~1 ; out0             ;
; |mux31|lpm_mux:Mux6|mux_0oc:auto_generated|l1_w0_n1_mux_dataout   ; |mux31|lpm_mux:Mux6|mux_0oc:auto_generated|l1_w0_n1_mux_dataout   ; out0             ;
; |mux31|lpm_mux:Mux6|mux_0oc:auto_generated|l2_w0_n0_mux_dataout~0 ; |mux31|lpm_mux:Mux6|mux_0oc:auto_generated|l2_w0_n0_mux_dataout~0 ; out0             ;
; |mux31|lpm_mux:Mux6|mux_0oc:auto_generated|_~2                    ; |mux31|lpm_mux:Mux6|mux_0oc:auto_generated|_~2                    ; out0             ;
; |mux31|lpm_mux:Mux6|mux_0oc:auto_generated|l2_w0_n0_mux_dataout~1 ; |mux31|lpm_mux:Mux6|mux_0oc:auto_generated|l2_w0_n0_mux_dataout~1 ; out0             ;
; |mux31|lpm_mux:Mux6|mux_0oc:auto_generated|l2_w0_n0_mux_dataout   ; |mux31|lpm_mux:Mux6|mux_0oc:auto_generated|l2_w0_n0_mux_dataout   ; out0             ;
; |mux31|lpm_mux:Mux5|mux_0oc:auto_generated|l1_w0_n0_mux_dataout~0 ; |mux31|lpm_mux:Mux5|mux_0oc:auto_generated|l1_w0_n0_mux_dataout~0 ; out0             ;
; |mux31|lpm_mux:Mux5|mux_0oc:auto_generated|_~0                    ; |mux31|lpm_mux:Mux5|mux_0oc:auto_generated|_~0                    ; out0             ;
; |mux31|lpm_mux:Mux5|mux_0oc:auto_generated|l1_w0_n0_mux_dataout~1 ; |mux31|lpm_mux:Mux5|mux_0oc:auto_generated|l1_w0_n0_mux_dataout~1 ; out0             ;
; |mux31|lpm_mux:Mux5|mux_0oc:auto_generated|l1_w0_n0_mux_dataout   ; |mux31|lpm_mux:Mux5|mux_0oc:auto_generated|l1_w0_n0_mux_dataout   ; out0             ;
; |mux31|lpm_mux:Mux5|mux_0oc:auto_generated|_~1                    ; |mux31|lpm_mux:Mux5|mux_0oc:auto_generated|_~1                    ; out0             ;
; |mux31|lpm_mux:Mux5|mux_0oc:auto_generated|l1_w0_n1_mux_dataout~1 ; |mux31|lpm_mux:Mux5|mux_0oc:auto_generated|l1_w0_n1_mux_dataout~1 ; out0             ;
; |mux31|lpm_mux:Mux5|mux_0oc:auto_generated|l1_w0_n1_mux_dataout   ; |mux31|lpm_mux:Mux5|mux_0oc:auto_generated|l1_w0_n1_mux_dataout   ; out0             ;
; |mux31|lpm_mux:Mux5|mux_0oc:auto_generated|l2_w0_n0_mux_dataout~0 ; |mux31|lpm_mux:Mux5|mux_0oc:auto_generated|l2_w0_n0_mux_dataout~0 ; out0             ;
; |mux31|lpm_mux:Mux5|mux_0oc:auto_generated|_~2                    ; |mux31|lpm_mux:Mux5|mux_0oc:auto_generated|_~2                    ; out0             ;
; |mux31|lpm_mux:Mux5|mux_0oc:auto_generated|l2_w0_n0_mux_dataout~1 ; |mux31|lpm_mux:Mux5|mux_0oc:auto_generated|l2_w0_n0_mux_dataout~1 ; out0             ;
; |mux31|lpm_mux:Mux5|mux_0oc:auto_generated|l2_w0_n0_mux_dataout   ; |mux31|lpm_mux:Mux5|mux_0oc:auto_generated|l2_w0_n0_mux_dataout   ; out0             ;
; |mux31|lpm_mux:Mux4|mux_0oc:auto_generated|l1_w0_n0_mux_dataout~0 ; |mux31|lpm_mux:Mux4|mux_0oc:auto_generated|l1_w0_n0_mux_dataout~0 ; out0             ;
; |mux31|lpm_mux:Mux4|mux_0oc:auto_generated|_~0                    ; |mux31|lpm_mux:Mux4|mux_0oc:auto_generated|_~0                    ; out0             ;
; |mux31|lpm_mux:Mux4|mux_0oc:auto_generated|l1_w0_n0_mux_dataout~1 ; |mux31|lpm_mux:Mux4|mux_0oc:auto_generated|l1_w0_n0_mux_dataout~1 ; out0             ;
; |mux31|lpm_mux:Mux4|mux_0oc:auto_generated|l1_w0_n0_mux_dataout   ; |mux31|lpm_mux:Mux4|mux_0oc:auto_generated|l1_w0_n0_mux_dataout   ; out0             ;
; |mux31|lpm_mux:Mux4|mux_0oc:auto_generated|_~1                    ; |mux31|lpm_mux:Mux4|mux_0oc:auto_generated|_~1                    ; out0             ;
; |mux31|lpm_mux:Mux4|mux_0oc:auto_generated|_~2                    ; |mux31|lpm_mux:Mux4|mux_0oc:auto_generated|_~2                    ; out0             ;
; |mux31|lpm_mux:Mux4|mux_0oc:auto_generated|l2_w0_n0_mux_dataout~1 ; |mux31|lpm_mux:Mux4|mux_0oc:auto_generated|l2_w0_n0_mux_dataout~1 ; out0             ;
; |mux31|lpm_mux:Mux4|mux_0oc:auto_generated|l2_w0_n0_mux_dataout   ; |mux31|lpm_mux:Mux4|mux_0oc:auto_generated|l2_w0_n0_mux_dataout   ; out0             ;
; |mux31|lpm_mux:Mux3|mux_0oc:auto_generated|l1_w0_n0_mux_dataout~0 ; |mux31|lpm_mux:Mux3|mux_0oc:auto_generated|l1_w0_n0_mux_dataout~0 ; out0             ;
; |mux31|lpm_mux:Mux3|mux_0oc:auto_generated|_~0                    ; |mux31|lpm_mux:Mux3|mux_0oc:auto_generated|_~0                    ; out0             ;
; |mux31|lpm_mux:Mux3|mux_0oc:auto_generated|l1_w0_n0_mux_dataout~1 ; |mux31|lpm_mux:Mux3|mux_0oc:auto_generated|l1_w0_n0_mux_dataout~1 ; out0             ;
; |mux31|lpm_mux:Mux3|mux_0oc:auto_generated|l1_w0_n0_mux_dataout   ; |mux31|lpm_mux:Mux3|mux_0oc:auto_generated|l1_w0_n0_mux_dataout   ; out0             ;
; |mux31|lpm_mux:Mux3|mux_0oc:auto_generated|_~1                    ; |mux31|lpm_mux:Mux3|mux_0oc:auto_generated|_~1                    ; out0             ;
; |mux31|lpm_mux:Mux3|mux_0oc:auto_generated|_~2                    ; |mux31|lpm_mux:Mux3|mux_0oc:auto_generated|_~2                    ; out0             ;
; |mux31|lpm_mux:Mux3|mux_0oc:auto_generated|l2_w0_n0_mux_dataout~1 ; |mux31|lpm_mux:Mux3|mux_0oc:auto_generated|l2_w0_n0_mux_dataout~1 ; out0             ;
; |mux31|lpm_mux:Mux3|mux_0oc:auto_generated|l2_w0_n0_mux_dataout   ; |mux31|lpm_mux:Mux3|mux_0oc:auto_generated|l2_w0_n0_mux_dataout   ; out0             ;
; |mux31|lpm_mux:Mux2|mux_0oc:auto_generated|l1_w0_n0_mux_dataout~0 ; |mux31|lpm_mux:Mux2|mux_0oc:auto_generated|l1_w0_n0_mux_dataout~0 ; out0             ;
; |mux31|lpm_mux:Mux2|mux_0oc:auto_generated|_~0                    ; |mux31|lpm_mux:Mux2|mux_0oc:auto_generated|_~0                    ; out0             ;
; |mux31|lpm_mux:Mux2|mux_0oc:auto_generated|l1_w0_n0_mux_dataout~1 ; |mux31|lpm_mux:Mux2|mux_0oc:auto_generated|l1_w0_n0_mux_dataout~1 ; out0             ;
; |mux31|lpm_mux:Mux2|mux_0oc:auto_generated|l1_w0_n0_mux_dataout   ; |mux31|lpm_mux:Mux2|mux_0oc:auto_generated|l1_w0_n0_mux_dataout   ; out0             ;
; |mux31|lpm_mux:Mux2|mux_0oc:auto_generated|_~1                    ; |mux31|lpm_mux:Mux2|mux_0oc:auto_generated|_~1                    ; out0             ;
; |mux31|lpm_mux:Mux2|mux_0oc:auto_generated|_~2                    ; |mux31|lpm_mux:Mux2|mux_0oc:auto_generated|_~2                    ; out0             ;
; |mux31|lpm_mux:Mux2|mux_0oc:auto_generated|l2_w0_n0_mux_dataout~1 ; |mux31|lpm_mux:Mux2|mux_0oc:auto_generated|l2_w0_n0_mux_dataout~1 ; out0             ;
; |mux31|lpm_mux:Mux2|mux_0oc:auto_generated|l2_w0_n0_mux_dataout   ; |mux31|lpm_mux:Mux2|mux_0oc:auto_generated|l2_w0_n0_mux_dataout   ; out0             ;
; |mux31|lpm_mux:Mux1|mux_0oc:auto_generated|l1_w0_n0_mux_dataout~0 ; |mux31|lpm_mux:Mux1|mux_0oc:auto_generated|l1_w0_n0_mux_dataout~0 ; out0             ;
; |mux31|lpm_mux:Mux1|mux_0oc:auto_generated|_~0                    ; |mux31|lpm_mux:Mux1|mux_0oc:auto_generated|_~0                    ; out0             ;
; |mux31|lpm_mux:Mux1|mux_0oc:auto_generated|l1_w0_n0_mux_dataout~1 ; |mux31|lpm_mux:Mux1|mux_0oc:auto_generated|l1_w0_n0_mux_dataout~1 ; out0             ;
; |mux31|lpm_mux:Mux1|mux_0oc:auto_generated|l1_w0_n0_mux_dataout   ; |mux31|lpm_mux:Mux1|mux_0oc:auto_generated|l1_w0_n0_mux_dataout   ; out0             ;
; |mux31|lpm_mux:Mux1|mux_0oc:auto_generated|_~1                    ; |mux31|lpm_mux:Mux1|mux_0oc:auto_generated|_~1                    ; out0             ;
; |mux31|lpm_mux:Mux1|mux_0oc:auto_generated|_~2                    ; |mux31|lpm_mux:Mux1|mux_0oc:auto_generated|_~2                    ; out0             ;
; |mux31|lpm_mux:Mux1|mux_0oc:auto_generated|l2_w0_n0_mux_dataout~1 ; |mux31|lpm_mux:Mux1|mux_0oc:auto_generated|l2_w0_n0_mux_dataout~1 ; out0             ;
; |mux31|lpm_mux:Mux1|mux_0oc:auto_generated|l2_w0_n0_mux_dataout   ; |mux31|lpm_mux:Mux1|mux_0oc:auto_generated|l2_w0_n0_mux_dataout   ; out0             ;
; |mux31|lpm_mux:Mux0|mux_0oc:auto_generated|l1_w0_n0_mux_dataout~0 ; |mux31|lpm_mux:Mux0|mux_0oc:auto_generated|l1_w0_n0_mux_dataout~0 ; out0             ;
; |mux31|lpm_mux:Mux0|mux_0oc:auto_generated|_~0                    ; |mux31|lpm_mux:Mux0|mux_0oc:auto_generated|_~0                    ; out0             ;
; |mux31|lpm_mux:Mux0|mux_0oc:auto_generated|l1_w0_n0_mux_dataout~1 ; |mux31|lpm_mux:Mux0|mux_0oc:auto_generated|l1_w0_n0_mux_dataout~1 ; out0             ;
; |mux31|lpm_mux:Mux0|mux_0oc:auto_generated|l1_w0_n0_mux_dataout   ; |mux31|lpm_mux:Mux0|mux_0oc:auto_generated|l1_w0_n0_mux_dataout   ; out0             ;
; |mux31|lpm_mux:Mux0|mux_0oc:auto_generated|_~1                    ; |mux31|lpm_mux:Mux0|mux_0oc:auto_generated|_~1                    ; out0             ;
; |mux31|lpm_mux:Mux0|mux_0oc:auto_generated|_~2                    ; |mux31|lpm_mux:Mux0|mux_0oc:auto_generated|_~2                    ; out0             ;
; |mux31|lpm_mux:Mux0|mux_0oc:auto_generated|l2_w0_n0_mux_dataout~1 ; |mux31|lpm_mux:Mux0|mux_0oc:auto_generated|l2_w0_n0_mux_dataout~1 ; out0             ;
; |mux31|lpm_mux:Mux0|mux_0oc:auto_generated|l2_w0_n0_mux_dataout   ; |mux31|lpm_mux:Mux0|mux_0oc:auto_generated|l2_w0_n0_mux_dataout   ; out0             ;
+-------------------------------------------------------------------+-------------------------------------------------------------------+------------------+


The following table displays output ports that do not toggle to 1 during simulation.
+----------------------------------------------------------------------------------------------------------------------------------------------------------+
; Missing 1-Value Coverage                                                                                                                                 ;
+-------------------------------------------------------------------+-------------------------------------------------------------------+------------------+
; Node Name                                                         ; Output Port Name                                                  ; Output Port Type ;
+-------------------------------------------------------------------+-------------------------------------------------------------------+------------------+
; |mux31|zl[0]                                                      ; |mux31|zl[0]                                                      ; out              ;
; |mux31|zl[1]                                                      ; |mux31|zl[1]                                                      ; out              ;
; |mux31|zl[2]                                                      ; |mux31|zl[2]                                                      ; out              ;
; |mux31|zl[3]                                                      ; |mux31|zl[3]                                                      ; out              ;
; |mux31|zl[4]                                                      ; |mux31|zl[4]                                                      ; out              ;
; |mux31|zl[5]                                                      ; |mux31|zl[5]                                                      ; out              ;
; |mux31|zl[6]                                                      ; |mux31|zl[6]                                                      ; out              ;
; |mux31|zl[7]                                                      ; |mux31|zl[7]                                                      ; out              ;
; |mux31|ra[0]                                                      ; |mux31|ra[0]                                                      ; out              ;
; |mux31|ra[1]                                                      ; |mux31|ra[1]                                                      ; out              ;
; |mux31|ra[2]                                                      ; |mux31|ra[2]                                                      ; out              ;
; |mux31|ra[3]                                                      ; |mux31|ra[3]                                                      ; out              ;
; |mux31|ra[4]                                                      ; |mux31|ra[4]                                                      ; out              ;
; |mux31|ra[5]                                                      ; |mux31|ra[5]                                                      ; out              ;
; |mux31|ra[6]                                                      ; |mux31|ra[6]                                                      ; out              ;
; |mux31|ra[7]                                                      ; |mux31|ra[7]                                                      ; out              ;
; |mux31|rb[0]                                                      ; |mux31|rb[0]                                                      ; out              ;
; |mux31|rb[1]                                                      ; |mux31|rb[1]                                                      ; out              ;
; |mux31|rb[2]                                                      ; |mux31|rb[2]                                                      ; out              ;
; |mux31|rb[3]                                                      ; |mux31|rb[3]                                                      ; out              ;
; |mux31|rb[4]                                                      ; |mux31|rb[4]                                                      ; out              ;
; |mux31|rb[5]                                                      ; |mux31|rb[5]                                                      ; out              ;
; |mux31|rb[6]                                                      ; |mux31|rb[6]                                                      ; out              ;
; |mux31|rb[7]                                                      ; |mux31|rb[7]                                                      ; out              ;
; |mux31|lpm_mux:Mux8|mux_0oc:auto_generated|l1_w0_n1_mux_dataout~0 ; |mux31|lpm_mux:Mux8|mux_0oc:auto_generated|l1_w0_n1_mux_dataout~0 ; out0             ;
; |mux31|lpm_mux:Mux7|mux_0oc:auto_generated|l1_w0_n1_mux_dataout~0 ; |mux31|lpm_mux:Mux7|mux_0oc:auto_generated|l1_w0_n1_mux_dataout~0 ; out0             ;
; |mux31|lpm_mux:Mux7|mux_0oc:auto_generated|l1_w0_n1_mux_dataout~1 ; |mux31|lpm_mux:Mux7|mux_0oc:auto_generated|l1_w0_n1_mux_dataout~1 ; out0             ;
; |mux31|lpm_mux:Mux7|mux_0oc:auto_generated|l1_w0_n1_mux_dataout   ; |mux31|lpm_mux:Mux7|mux_0oc:auto_generated|l1_w0_n1_mux_dataout   ; out0             ;
; |mux31|lpm_mux:Mux7|mux_0oc:auto_generated|l2_w0_n0_mux_dataout~0 ; |mux31|lpm_mux:Mux7|mux_0oc:auto_generated|l2_w0_n0_mux_dataout~0 ; out0             ;
; |mux31|lpm_mux:Mux6|mux_0oc:auto_generated|l1_w0_n0_mux_dataout~0 ; |mux31|lpm_mux:Mux6|mux_0oc:auto_generated|l1_w0_n0_mux_dataout~0 ; out0             ;
; |mux31|lpm_mux:Mux6|mux_0oc:auto_generated|l1_w0_n1_mux_dataout~0 ; |mux31|lpm_mux:Mux6|mux_0oc:auto_generated|l1_w0_n1_mux_dataout~0 ; out0             ;
; |mux31|lpm_mux:Mux5|mux_0oc:auto_generated|l1_w0_n1_mux_dataout~0 ; |mux31|lpm_mux:Mux5|mux_0oc:auto_generated|l1_w0_n1_mux_dataout~0 ; out0             ;
; |mux31|lpm_mux:Mux4|mux_0oc:auto_generated|l1_w0_n1_mux_dataout~0 ; |mux31|lpm_mux:Mux4|mux_0oc:auto_generated|l1_w0_n1_mux_dataout~0 ; out0             ;
; |mux31|lpm_mux:Mux4|mux_0oc:auto_generated|l1_w0_n1_mux_dataout~1 ; |mux31|lpm_mux:Mux4|mux_0oc:auto_generated|l1_w0_n1_mux_dataout~1 ; out0             ;
; |mux31|lpm_mux:Mux4|mux_0oc:auto_generated|l1_w0_n1_mux_dataout   ; |mux31|lpm_mux:Mux4|mux_0oc:auto_generated|l1_w0_n1_mux_dataout   ; out0             ;
; |mux31|lpm_mux:Mux4|mux_0oc:auto_generated|l2_w0_n0_mux_dataout~0 ; |mux31|lpm_mux:Mux4|mux_0oc:auto_generated|l2_w0_n0_mux_dataout~0 ; out0             ;
; |mux31|lpm_mux:Mux3|mux_0oc:auto_generated|l1_w0_n1_mux_dataout~0 ; |mux31|lpm_mux:Mux3|mux_0oc:auto_generated|l1_w0_n1_mux_dataout~0 ; out0             ;
; |mux31|lpm_mux:Mux3|mux_0oc:auto_generated|l1_w0_n1_mux_dataout~1 ; |mux31|lpm_mux:Mux3|mux_0oc:auto_generated|l1_w0_n1_mux_dataout~1 ; out0             ;
; |mux31|lpm_mux:Mux3|mux_0oc:auto_generated|l1_w0_n1_mux_dataout   ; |mux31|lpm_mux:Mux3|mux_0oc:auto_generated|l1_w0_n1_mux_dataout   ; out0             ;
; |mux31|lpm_mux:Mux3|mux_0oc:auto_generated|l2_w0_n0_mux_dataout~0 ; |mux31|lpm_mux:Mux3|mux_0oc:auto_generated|l2_w0_n0_mux_dataout~0 ; out0             ;
; |mux31|lpm_mux:Mux2|mux_0oc:auto_generated|l1_w0_n1_mux_dataout~0 ; |mux31|lpm_mux:Mux2|mux_0oc:auto_generated|l1_w0_n1_mux_dataout~0 ; out0             ;
; |mux31|lpm_mux:Mux2|mux_0oc:auto_generated|l1_w0_n1_mux_dataout~1 ; |mux31|lpm_mux:Mux2|mux_0oc:auto_generated|l1_w0_n1_mux_dataout~1 ; out0             ;
; |mux31|lpm_mux:Mux2|mux_0oc:auto_generated|l1_w0_n1_mux_dataout   ; |mux31|lpm_mux:Mux2|mux_0oc:auto_generated|l1_w0_n1_mux_dataout   ; out0             ;
; |mux31|lpm_mux:Mux2|mux_0oc:auto_generated|l2_w0_n0_mux_dataout~0 ; |mux31|lpm_mux:Mux2|mux_0oc:auto_generated|l2_w0_n0_mux_dataout~0 ; out0             ;
; |mux31|lpm_mux:Mux1|mux_0oc:auto_generated|l1_w0_n1_mux_dataout~0 ; |mux31|lpm_mux:Mux1|mux_0oc:auto_generated|l1_w0_n1_mux_dataout~0 ; out0             ;
; |mux31|lpm_mux:Mux1|mux_0oc:auto_generated|l1_w0_n1_mux_dataout~1 ; |mux31|lpm_mux:Mux1|mux_0oc:auto_generated|l1_w0_n1_mux_dataout~1 ; out0             ;
; |mux31|lpm_mux:Mux1|mux_0oc:auto_generated|l1_w0_n1_mux_dataout   ; |mux31|lpm_mux:Mux1|mux_0oc:auto_generated|l1_w0_n1_mux_dataout   ; out0             ;
; |mux31|lpm_mux:Mux1|mux_0oc:auto_generated|l2_w0_n0_mux_dataout~0 ; |mux31|lpm_mux:Mux1|mux_0oc:auto_generated|l2_w0_n0_mux_dataout~0 ; out0             ;
; |mux31|lpm_mux:Mux0|mux_0oc:auto_generated|l1_w0_n1_mux_dataout~0 ; |mux31|lpm_mux:Mux0|mux_0oc:auto_generated|l1_w0_n1_mux_dataout~0 ; out0             ;
; |mux31|lpm_mux:Mux0|mux_0oc:auto_generated|l1_w0_n1_mux_dataout~1 ; |mux31|lpm_mux:Mux0|mux_0oc:auto_generated|l1_w0_n1_mux_dataout~1 ; out0             ;
; |mux31|lpm_mux:Mux0|mux_0oc:auto_generated|l1_w0_n1_mux_dataout   ; |mux31|lpm_mux:Mux0|mux_0oc:auto_generated|l1_w0_n1_mux_dataout   ; out0             ;
; |mux31|lpm_mux:Mux0|mux_0oc:auto_generated|l2_w0_n0_mux_dataout~0 ; |mux31|lpm_mux:Mux0|mux_0oc:auto_generated|l2_w0_n0_mux_dataout~0 ; out0             ;
+-------------------------------------------------------------------+-------------------------------------------------------------------+------------------+


The following table displays output ports that do not toggle to 0 during simulation.
+----------------------------------------------------------------------------------------------------------------------------------------------------------+
; Missing 0-Value Coverage                                                                                                                                 ;
+-------------------------------------------------------------------+-------------------------------------------------------------------+------------------+
; Node Name                                                         ; Output Port Name                                                  ; Output Port Type ;
+-------------------------------------------------------------------+-------------------------------------------------------------------+------------------+
; |mux31|output[5]~6                                                ; |mux31|output[5]~6                                                ; out              ;
; |mux31|output[6]~7                                                ; |mux31|output[6]~7                                                ; out              ;
; |mux31|zl[0]                                                      ; |mux31|zl[0]                                                      ; out              ;
; |mux31|zl[1]                                                      ; |mux31|zl[1]                                                      ; out              ;
; |mux31|zl[2]                                                      ; |mux31|zl[2]                                                      ; out              ;
; |mux31|zl[3]                                                      ; |mux31|zl[3]                                                      ; out              ;
; |mux31|zl[4]                                                      ; |mux31|zl[4]                                                      ; out              ;
; |mux31|zl[5]                                                      ; |mux31|zl[5]                                                      ; out              ;
; |mux31|zl[6]                                                      ; |mux31|zl[6]                                                      ; out              ;
; |mux31|zl[7]                                                      ; |mux31|zl[7]                                                      ; out              ;
; |mux31|ra[0]                                                      ; |mux31|ra[0]                                                      ; out              ;
; |mux31|ra[1]                                                      ; |mux31|ra[1]                                                      ; out              ;
; |mux31|ra[2]                                                      ; |mux31|ra[2]                                                      ; out              ;
; |mux31|ra[3]                                                      ; |mux31|ra[3]                                                      ; out              ;
; |mux31|ra[4]                                                      ; |mux31|ra[4]                                                      ; out              ;
; |mux31|ra[5]                                                      ; |mux31|ra[5]                                                      ; out              ;
; |mux31|ra[6]                                                      ; |mux31|ra[6]                                                      ; out              ;
; |mux31|ra[7]                                                      ; |mux31|ra[7]                                                      ; out              ;
; |mux31|rb[0]                                                      ; |mux31|rb[0]                                                      ; out              ;
; |mux31|rb[1]                                                      ; |mux31|rb[1]                                                      ; out              ;
; |mux31|rb[2]                                                      ; |mux31|rb[2]                                                      ; out              ;
; |mux31|rb[3]                                                      ; |mux31|rb[3]                                                      ; out              ;
; |mux31|rb[4]                                                      ; |mux31|rb[4]                                                      ; out              ;
; |mux31|rb[5]                                                      ; |mux31|rb[5]                                                      ; out              ;
; |mux31|rb[6]                                                      ; |mux31|rb[6]                                                      ; out              ;
; |mux31|rb[7]                                                      ; |mux31|rb[7]                                                      ; out              ;
; |mux31|output[5]                                                  ; |mux31|output[5]                                                  ; pin_out          ;
; |mux31|output[6]                                                  ; |mux31|output[6]                                                  ; pin_out          ;
; |mux31|lpm_mux:Mux8|mux_0oc:auto_generated|l1_w0_n1_mux_dataout~0 ; |mux31|lpm_mux:Mux8|mux_0oc:auto_generated|l1_w0_n1_mux_dataout~0 ; out0             ;
; |mux31|lpm_mux:Mux7|mux_0oc:auto_generated|l1_w0_n1_mux_dataout~0 ; |mux31|lpm_mux:Mux7|mux_0oc:auto_generated|l1_w0_n1_mux_dataout~0 ; out0             ;
; |mux31|lpm_mux:Mux7|mux_0oc:auto_generated|l1_w0_n1_mux_dataout~1 ; |mux31|lpm_mux:Mux7|mux_0oc:auto_generated|l1_w0_n1_mux_dataout~1 ; out0             ;
; |mux31|lpm_mux:Mux7|mux_0oc:auto_generated|l1_w0_n1_mux_dataout   ; |mux31|lpm_mux:Mux7|mux_0oc:auto_generated|l1_w0_n1_mux_dataout   ; out0             ;
; |mux31|lpm_mux:Mux7|mux_0oc:auto_generated|l2_w0_n0_mux_dataout~0 ; |mux31|lpm_mux:Mux7|mux_0oc:auto_generated|l2_w0_n0_mux_dataout~0 ; out0             ;
; |mux31|lpm_mux:Mux6|mux_0oc:auto_generated|l1_w0_n0_mux_dataout~0 ; |mux31|lpm_mux:Mux6|mux_0oc:auto_generated|l1_w0_n0_mux_dataout~0 ; out0             ;
; |mux31|lpm_mux:Mux6|mux_0oc:auto_generated|l1_w0_n1_mux_dataout~0 ; |mux31|lpm_mux:Mux6|mux_0oc:auto_generated|l1_w0_n1_mux_dataout~0 ; out0             ;
; |mux31|lpm_mux:Mux5|mux_0oc:auto_generated|l1_w0_n1_mux_dataout~0 ; |mux31|lpm_mux:Mux5|mux_0oc:auto_generated|l1_w0_n1_mux_dataout~0 ; out0             ;
; |mux31|lpm_mux:Mux4|mux_0oc:auto_generated|l1_w0_n1_mux_dataout~0 ; |mux31|lpm_mux:Mux4|mux_0oc:auto_generated|l1_w0_n1_mux_dataout~0 ; out0             ;
; |mux31|lpm_mux:Mux4|mux_0oc:auto_generated|l1_w0_n1_mux_dataout~1 ; |mux31|lpm_mux:Mux4|mux_0oc:auto_generated|l1_w0_n1_mux_dataout~1 ; out0             ;
; |mux31|lpm_mux:Mux4|mux_0oc:auto_generated|l1_w0_n1_mux_dataout   ; |mux31|lpm_mux:Mux4|mux_0oc:auto_generated|l1_w0_n1_mux_dataout   ; out0             ;
; |mux31|lpm_mux:Mux4|mux_0oc:auto_generated|l2_w0_n0_mux_dataout~0 ; |mux31|lpm_mux:Mux4|mux_0oc:auto_generated|l2_w0_n0_mux_dataout~0 ; out0             ;
; |mux31|lpm_mux:Mux3|mux_0oc:auto_generated|l1_w0_n1_mux_dataout~0 ; |mux31|lpm_mux:Mux3|mux_0oc:auto_generated|l1_w0_n1_mux_dataout~0 ; out0             ;
; |mux31|lpm_mux:Mux3|mux_0oc:auto_generated|l1_w0_n1_mux_dataout~1 ; |mux31|lpm_mux:Mux3|mux_0oc:auto_generated|l1_w0_n1_mux_dataout~1 ; out0             ;
; |mux31|lpm_mux:Mux3|mux_0oc:auto_generated|l1_w0_n1_mux_dataout   ; |mux31|lpm_mux:Mux3|mux_0oc:auto_generated|l1_w0_n1_mux_dataout   ; out0             ;
; |mux31|lpm_mux:Mux3|mux_0oc:auto_generated|l2_w0_n0_mux_dataout~0 ; |mux31|lpm_mux:Mux3|mux_0oc:auto_generated|l2_w0_n0_mux_dataout~0 ; out0             ;
; |mux31|lpm_mux:Mux2|mux_0oc:auto_generated|l1_w0_n1_mux_dataout~0 ; |mux31|lpm_mux:Mux2|mux_0oc:auto_generated|l1_w0_n1_mux_dataout~0 ; out0             ;
; |mux31|lpm_mux:Mux2|mux_0oc:auto_generated|l1_w0_n1_mux_dataout~1 ; |mux31|lpm_mux:Mux2|mux_0oc:auto_generated|l1_w0_n1_mux_dataout~1 ; out0             ;
; |mux31|lpm_mux:Mux2|mux_0oc:auto_generated|l1_w0_n1_mux_dataout   ; |mux31|lpm_mux:Mux2|mux_0oc:auto_generated|l1_w0_n1_mux_dataout   ; out0             ;
; |mux31|lpm_mux:Mux2|mux_0oc:auto_generated|l2_w0_n0_mux_dataout~0 ; |mux31|lpm_mux:Mux2|mux_0oc:auto_generated|l2_w0_n0_mux_dataout~0 ; out0             ;
; |mux31|lpm_mux:Mux1|mux_0oc:auto_generated|l1_w0_n1_mux_dataout~0 ; |mux31|lpm_mux:Mux1|mux_0oc:auto_generated|l1_w0_n1_mux_dataout~0 ; out0             ;
; |mux31|lpm_mux:Mux1|mux_0oc:auto_generated|l1_w0_n1_mux_dataout~1 ; |mux31|lpm_mux:Mux1|mux_0oc:auto_generated|l1_w0_n1_mux_dataout~1 ; out0             ;
; |mux31|lpm_mux:Mux1|mux_0oc:auto_generated|l1_w0_n1_mux_dataout   ; |mux31|lpm_mux:Mux1|mux_0oc:auto_generated|l1_w0_n1_mux_dataout   ; out0             ;
; |mux31|lpm_mux:Mux1|mux_0oc:auto_generated|l2_w0_n0_mux_dataout~0 ; |mux31|lpm_mux:Mux1|mux_0oc:auto_generated|l2_w0_n0_mux_dataout~0 ; out0             ;
; |mux31|lpm_mux:Mux0|mux_0oc:auto_generated|l1_w0_n1_mux_dataout~0 ; |mux31|lpm_mux:Mux0|mux_0oc:auto_generated|l1_w0_n1_mux_dataout~0 ; out0             ;
; |mux31|lpm_mux:Mux0|mux_0oc:auto_generated|l1_w0_n1_mux_dataout~1 ; |mux31|lpm_mux:Mux0|mux_0oc:auto_generated|l1_w0_n1_mux_dataout~1 ; out0             ;
; |mux31|lpm_mux:Mux0|mux_0oc:auto_generated|l1_w0_n1_mux_dataout   ; |mux31|lpm_mux:Mux0|mux_0oc:auto_generated|l1_w0_n1_mux_dataout   ; out0             ;
; |mux31|lpm_mux:Mux0|mux_0oc:auto_generated|l2_w0_n0_mux_dataout~0 ; |mux31|lpm_mux:Mux0|mux_0oc:auto_generated|l2_w0_n0_mux_dataout~0 ; out0             ;
+-------------------------------------------------------------------+-------------------------------------------------------------------+------------------+


+---------------------+
; Simulator INI Usage ;
+--------+------------+
; Option ; Usage      ;
+--------+------------+


+--------------------+
; Simulator Messages ;
+--------------------+
Info: *******************************************************************
Info: Running Quartus II Simulator
    Info: Version 9.0 Build 184 04/29/2009 Service Pack 1 SJ Web Edition
    Info: Processing started: Tue Jan 02 17:17:25 2018
Info: Command: quartus_sim --read_settings_files=on --write_settings_files=off mux31 -c mux31
Info: Using vector source file "D:/EX_CPU/mux31/mux31.vwf"
Info: Option to preserve fewer signal transitions to reduce memory requirements is enabled
    Info: Simulation has been partitioned into sub-simulations according to the maximum transition count determined by the engine. Transitions from memory will be flushed out to disk at the end of each sub-simulation to reduce memory requirements.
Info: Simulation partitioned into 1 sub-simulations
Info: Simulation coverage is      62.67 %
Info: Number of transitions in simulation is 365
Info: Quartus II Simulator was successful. 0 errors, 0 warnings
    Info: Peak virtual memory: 209 megabytes
    Info: Processing ended: Tue Jan 02 17:17:25 2018
    Info: Elapsed time: 00:00:00
    Info: Total CPU time (on all processors): 00:00:00


