Analysis & Synthesis report for RAM2
Wed Jan 03 20:11:43 2018
Quartus II Version 9.0 Build 184 04/29/2009 Service Pack 1 SJ Web Edition


---------------------
; Table of Contents ;
---------------------
  1. Legal Notice
  2. Analysis & Synthesis Summary
  3. Analysis & Synthesis Settings
  4. Analysis & Synthesis Source Files Read
  5. Analysis & Synthesis Resource Usage Summary
  6. Analysis & Synthesis Resource Utilization by Entity
  7. Registers Removed During Synthesis
  8. General Register Statistics
  9. Inverted Register Statistics
 10. Multiplexer Restructuring Statistics (Restructuring Performed)
 11. Analysis & Synthesis Messages



----------------
; Legal Notice ;
----------------
Copyright (C) 1991-2009 Altera Corporation
Your use of Altera Corporation's design tools, logic functions 
and other software and tools, and its AMPP partner logic 
functions, and any output files from any of the foregoing 
(including device programming or simulation files), and any 
associated documentation or information are expressly subject 
to the terms and conditions of the Altera Program License 
Subscription Agreement, Altera MegaCore Function License 
Agreement, or other applicable license agreement, including, 
without limitation, that your use is for the sole purpose of 
programming logic devices manufactured by Altera and sold by 
Altera or its authorized distributors.  Please refer to the 
applicable agreement for further details.



+------------------------------------------------------------------------------+
; Analysis & Synthesis Summary                                                 ;
+-------------------------------+----------------------------------------------+
; Analysis & Synthesis Status   ; Successful - Wed Jan 03 20:11:43 2018        ;
; Quartus II Version            ; 9.0 Build 184 04/29/2009 SP 1 SJ Web Edition ;
; Revision Name                 ; RAM2                                         ;
; Top-level Entity Name         ; RAM2                                         ;
; Family                        ; Stratix II                                   ;
; Logic utilization             ; N/A                                          ;
;     Combinational ALUTs       ; 1,026                                        ;
;     Dedicated logic registers ; 2,056                                        ;
; Total registers               ; 2056                                         ;
; Total pins                    ; 29                                           ;
; Total virtual pins            ; 0                                            ;
; Total block memory bits       ; 0                                            ;
; DSP block 9-bit elements      ; 0                                            ;
; Total PLLs                    ; 0                                            ;
; Total DLLs                    ; 0                                            ;
+-------------------------------+----------------------------------------------+


+--------------------------------------------------------------------------------------------------------+
; Analysis & Synthesis Settings                                                                          ;
+--------------------------------------------------------------+--------------------+--------------------+
; Option                                                       ; Setting            ; Default Value      ;
+--------------------------------------------------------------+--------------------+--------------------+
; Top-level entity name                                        ; RAM2               ; RAM2               ;
; Family name                                                  ; Stratix II         ; Stratix II         ;
; Use Generated Physical Constraints File                      ; Off                ;                    ;
; Use smart compilation                                        ; Off                ; Off                ;
; Restructure Multiplexers                                     ; Auto               ; Auto               ;
; Create Debugging Nodes for IP Cores                          ; Off                ; Off                ;
; Preserve fewer node names                                    ; On                 ; On                 ;
; Disable OpenCore Plus hardware evaluation                    ; Off                ; Off                ;
; Verilog Version                                              ; Verilog_2001       ; Verilog_2001       ;
; VHDL Version                                                 ; VHDL93             ; VHDL93             ;
; State Machine Processing                                     ; Auto               ; Auto               ;
; Safe State Machine                                           ; Off                ; Off                ;
; Extract Verilog State Machines                               ; On                 ; On                 ;
; Extract VHDL State Machines                                  ; On                 ; On                 ;
; Ignore Verilog initial constructs                            ; Off                ; Off                ;
; Iteration limit for constant Verilog loops                   ; 5000               ; 5000               ;
; Iteration limit for non-constant Verilog loops               ; 250                ; 250                ;
; Add Pass-Through Logic to Inferred RAMs                      ; On                 ; On                 ;
; Parallel Synthesis                                           ; Off                ; Off                ;
; DSP Block Balancing                                          ; Auto               ; Auto               ;
; NOT Gate Push-Back                                           ; On                 ; On                 ;
; Power-Up Don't Care                                          ; On                 ; On                 ;
; Remove Redundant Logic Cells                                 ; Off                ; Off                ;
; Remove Duplicate Registers                                   ; On                 ; On                 ;
; Ignore CARRY Buffers                                         ; Off                ; Off                ;
; Ignore CASCADE Buffers                                       ; Off                ; Off                ;
; Ignore GLOBAL Buffers                                        ; Off                ; Off                ;
; Ignore ROW GLOBAL Buffers                                    ; Off                ; Off                ;
; Ignore LCELL Buffers                                         ; Off                ; Off                ;
; Ignore SOFT Buffers                                          ; On                 ; On                 ;
; Limit AHDL Integers to 32 Bits                               ; Off                ; Off                ;
; Optimization Technique                                       ; Balanced           ; Balanced           ;
; Carry Chain Length                                           ; 70                 ; 70                 ;
; Auto Carry Chains                                            ; On                 ; On                 ;
; Auto Open-Drain Pins                                         ; On                 ; On                 ;
; Perform WYSIWYG Primitive Resynthesis                        ; Off                ; Off                ;
; Auto ROM Replacement                                         ; On                 ; On                 ;
; Auto RAM Replacement                                         ; On                 ; On                 ;
; Auto DSP Block Replacement                                   ; On                 ; On                 ;
; Auto Shift Register Replacement                              ; Auto               ; Auto               ;
; Auto Clock Enable Replacement                                ; On                 ; On                 ;
; Strict RAM Replacement                                       ; Off                ; Off                ;
; Allow Synchronous Control Signals                            ; On                 ; On                 ;
; Force Use of Synchronous Clear Signals                       ; Off                ; Off                ;
; Auto RAM Block Balancing                                     ; On                 ; On                 ;
; Auto RAM to Logic Cell Conversion                            ; Off                ; Off                ;
; Auto Resource Sharing                                        ; Off                ; Off                ;
; Allow Any RAM Size For Recognition                           ; Off                ; Off                ;
; Allow Any ROM Size For Recognition                           ; Off                ; Off                ;
; Allow Any Shift Register Size For Recognition                ; Off                ; Off                ;
; Use LogicLock Constraints during Resource Balancing          ; On                 ; On                 ;
; Ignore translate_off and synthesis_off directives            ; Off                ; Off                ;
; Timing-Driven Synthesis                                      ; Off                ; Off                ;
; Show Parameter Settings Tables in Synthesis Report           ; On                 ; On                 ;
; Ignore Maximum Fan-Out Assignments                           ; Off                ; Off                ;
; Synchronization Register Chain Length                        ; 2                  ; 2                  ;
; PowerPlay Power Optimization                                 ; Normal compilation ; Normal compilation ;
; HDL message level                                            ; Level2             ; Level2             ;
; Suppress Register Optimization Related Messages              ; Off                ; Off                ;
; Number of Removed Registers Reported in Synthesis Report     ; 100                ; 100                ;
; Number of Inverted Registers Reported in Synthesis Report    ; 100                ; 100                ;
; Clock MUX Protection                                         ; On                 ; On                 ;
; Auto Gated Clock Conversion                                  ; Off                ; Off                ;
; Block Design Naming                                          ; Auto               ; Auto               ;
; SDC constraint protection                                    ; Off                ; Off                ;
; Synthesis Effort                                             ; Auto               ; Auto               ;
; Shift Register Replacement - Allow Asynchronous Clear Signal ; On                 ; On                 ;
; Analysis & Synthesis Message Level                           ; Medium             ; Medium             ;
+--------------------------------------------------------------+--------------------+--------------------+


+-----------------------------------------------------------------------------------------------------+
; Analysis & Synthesis Source Files Read                                                              ;
+----------------------------------+-----------------+-----------------+------------------------------+
; File Name with User-Entered Path ; Used in Netlist ; File Type       ; File Name with Absolute Path ;
+----------------------------------+-----------------+-----------------+------------------------------+
; RAM2.vhd                         ; yes             ; User VHDL File  ; D:/EX_CPU/RAM2/RAM2.vhd      ;
+----------------------------------+-----------------+-----------------+------------------------------+


+-------------------------------------------------------+
; Analysis & Synthesis Resource Usage Summary           ;
+-----------------------------------------------+-------+
; Resource                                      ; Usage ;
+-----------------------------------------------+-------+
; Estimated ALUTs Used                          ; 1026  ;
; Dedicated logic registers                     ; 2056  ;
;                                               ;       ;
; Estimated ALUTs Unavailable                   ; 355   ;
;                                               ;       ;
; Total combinational functions                 ; 1026  ;
; Combinational ALUT usage by number of inputs  ;       ;
;     -- 7 input functions                      ; 0     ;
;     -- 6 input functions                      ; 680   ;
;     -- 5 input functions                      ; 36    ;
;     -- 4 input functions                      ; 0     ;
;     -- <=3 input functions                    ; 310   ;
;                                               ;       ;
; Combinational ALUTs by mode                   ;       ;
;     -- normal mode                            ; 1026  ;
;     -- extended LUT mode                      ; 0     ;
;     -- arithmetic mode                        ; 0     ;
;     -- shared arithmetic mode                 ; 0     ;
;                                               ;       ;
; Estimated ALUT/register pairs used            ; 3030  ;
;                                               ;       ;
; Total registers                               ; 2056  ;
;     -- Dedicated logic registers              ; 2056  ;
;     -- I/O registers                          ; 0     ;
;                                               ;       ;
; Estimated ALMs:  partially or completely used ; 1,515 ;
;                                               ;       ;
; I/O pins                                      ; 29    ;
; Maximum fan-out node                          ; clk   ;
; Maximum fan-out                               ; 2056  ;
; Total fan-out                                 ; 13316 ;
; Average fan-out                               ; 4.28  ;
+-----------------------------------------------+-------+


+-----------------------------------------------------------------------------------------------------------------------------------------------------------------------------------------------+
; Analysis & Synthesis Resource Utilization by Entity                                                                                                                                           ;
+----------------------------+-------------------+--------------+-------------------+--------------+---------+-----------+-----------+------+--------------+---------------------+--------------+
; Compilation Hierarchy Node ; LC Combinationals ; LC Registers ; Block Memory Bits ; DSP Elements ; DSP 9x9 ; DSP 18x18 ; DSP 36x36 ; Pins ; Virtual Pins ; Full Hierarchy Name ; Library Name ;
+----------------------------+-------------------+--------------+-------------------+--------------+---------+-----------+-----------+------+--------------+---------------------+--------------+
; |RAM2                      ; 1026 (1026)       ; 2056 (2056)  ; 0                 ; 0            ; 0       ; 0         ; 0         ; 29   ; 0            ; |RAM2               ; work         ;
+----------------------------+-------------------+--------------+-------------------+--------------+---------+-----------+-----------+------+--------------+---------------------+--------------+
Note: For table entries with two numbers listed, the numbers in parentheses indicate the number of resources of the given type used by the specific entity alone. The numbers listed outside of parentheses indicate the total resources of the given type used by the specific entity and all of its sub-entities in the hierarchy.


+--------------------------------------------------------------------------------+
; Registers Removed During Synthesis                                             ;
+---------------------------------------+----------------------------------------+
; Register name                         ; Reason for Removal                     ;
+---------------------------------------+----------------------------------------+
; output[0]~en                          ; Stuck at GND due to stuck port data_in ;
; output[1]~en                          ; Stuck at GND due to stuck port data_in ;
; output[2]~en                          ; Stuck at GND due to stuck port data_in ;
; output[3]~en                          ; Stuck at GND due to stuck port data_in ;
; output[4]~en                          ; Stuck at GND due to stuck port data_in ;
; output[5]~en                          ; Stuck at GND due to stuck port data_in ;
; output[6]~en                          ; Stuck at GND due to stuck port data_in ;
; output[7]~en                          ; Stuck at GND due to stuck port data_in ;
; Total Number of Removed Registers = 8 ;                                        ;
+---------------------------------------+----------------------------------------+


+------------------------------------------------------+
; General Register Statistics                          ;
+----------------------------------------------+-------+
; Statistic                                    ; Value ;
+----------------------------------------------+-------+
; Total registers                              ; 2056  ;
; Number of registers using Synchronous Clear  ; 0     ;
; Number of registers using Synchronous Load   ; 0     ;
; Number of registers using Asynchronous Clear ; 2048  ;
; Number of registers using Asynchronous Load  ; 8     ;
; Number of registers using Clock Enable       ; 2056  ;
; Number of registers using Preset             ; 0     ;
+----------------------------------------------+-------+


+---------------------------------------------------+
; Inverted Register Statistics                      ;
+-----------------------------------------+---------+
; Inverted Register                       ; Fan out ;
+-----------------------------------------+---------+
; r[0][0]                                 ; 1       ;
; r[8][0]                                 ; 1       ;
; r[2][0]                                 ; 1       ;
; r[9][0]                                 ; 1       ;
; r[3][0]                                 ; 1       ;
; r[2][1]                                 ; 1       ;
; r[8][1]                                 ; 1       ;
; r[11][1]                                ; 1       ;
; r[2][2]                                 ; 1       ;
; r[1][2]                                 ; 1       ;
; r[8][2]                                 ; 1       ;
; r[4][2]                                 ; 1       ;
; r[6][2]                                 ; 1       ;
; r[5][2]                                 ; 1       ;
; r[7][2]                                 ; 1       ;
; r[1][3]                                 ; 1       ;
; r[0][4]                                 ; 1       ;
; r[2][4]                                 ; 1       ;
; r[1][4]                                 ; 1       ;
; r[3][4]                                 ; 1       ;
; r[9][4]                                 ; 1       ;
; r[11][4]                                ; 1       ;
; r[6][4]                                 ; 1       ;
; r[13][4]                                ; 1       ;
; r[0][5]                                 ; 1       ;
; r[2][5]                                 ; 1       ;
; r[1][5]                                 ; 1       ;
; r[8][5]                                 ; 1       ;
; r[4][5]                                 ; 1       ;
; r[5][5]                                 ; 1       ;
; r[7][5]                                 ; 1       ;
; r[0][6]                                 ; 1       ;
; r[4][6]                                 ; 1       ;
; r[2][6]                                 ; 1       ;
; r[6][6]                                 ; 1       ;
; r[1][6]                                 ; 1       ;
; r[5][6]                                 ; 1       ;
; r[0][7]                                 ; 1       ;
; r[2][7]                                 ; 1       ;
; r[1][7]                                 ; 1       ;
; r[3][7]                                 ; 1       ;
; r[8][7]                                 ; 1       ;
; r[5][7]                                 ; 1       ;
; r[7][7]                                 ; 1       ;
; Total number of inverted registers = 44 ;         ;
+-----------------------------------------+---------+


+------------------------------------------------------------------------------------------------------------------------------------------+
; Multiplexer Restructuring Statistics (Restructuring Performed)                                                                           ;
+--------------------+-----------+---------------+----------------------+------------------------+------------+----------------------------+
; Multiplexer Inputs ; Bus Width ; Baseline Area ; Area if Restructured ; Saving if Restructured ; Registered ; Example Multiplexer Output ;
+--------------------+-----------+---------------+----------------------+------------------------+------------+----------------------------+
; 256:1              ; 8 bits    ; 1360 ALUTs    ; 1360 ALUTs           ; 0 ALUTs                ; No         ; |RAM2|Mux7                 ;
+--------------------+-----------+---------------+----------------------+------------------------+------------+----------------------------+


+-------------------------------+
; Analysis & Synthesis Messages ;
+-------------------------------+
Info: *******************************************************************
Info: Running Quartus II Analysis & Synthesis
    Info: Version 9.0 Build 184 04/29/2009 Service Pack 1 SJ Web Edition
    Info: Processing started: Wed Jan 03 20:11:35 2018
Info: Command: quartus_map --read_settings_files=on --write_settings_files=off RAM2 -c RAM2
Info: Found 2 design units, including 1 entities, in source file RAM2.vhd
    Info: Found design unit 1: RAM2-fcn
    Info: Found entity 1: RAM2
Info: Elaborating entity "RAM2" for the top level hierarchy
Warning (10492): VHDL Process Statement warning at RAM2.vhd(42): signal "r" is read inside the Process Statement but isn't in the Process Statement's sensitivity list
Warning: TRI or OPNDRN buffers permanently disabled
    Warning: Node "output[0]~1"
    Warning: Node "output[1]~2"
    Warning: Node "output[2]~3"
    Warning: Node "output[3]~4"
    Warning: Node "output[4]~5"
    Warning: Node "output[5]~6"
    Warning: Node "output[6]~7"
    Warning: Node "output[7]~9"
Info: Registers with preset signals will power-up high
Info: Implemented 3059 device resources after synthesis - the final resource count might be different
    Info: Implemented 21 input pins
    Info: Implemented 8 output pins
    Info: Implemented 3030 logic cells
Info: Quartus II Analysis & Synthesis was successful. 0 errors, 10 warnings
    Info: Peak virtual memory: 312 megabytes
    Info: Processing ended: Wed Jan 03 20:11:43 2018
    Info: Elapsed time: 00:00:08
    Info: Total CPU time (on all processors): 00:00:07


