Classic Timing Analyzer report for PC
Sun Dec 09 08:26:47 2018
Quartus II Version 9.0 Build 184 04/29/2009 Service Pack 1 SJ Web Edition


---------------------
; Table of Contents ;
---------------------
  1. Legal Notice
  2. Timing Analyzer Summary
  3. Timing Analyzer Settings
  4. Clock Settings Summary
  5. Parallel Compilation
  6. Clock Setup: 'clk'
  7. tsu
  8. tco
  9. th
 10. Timing Analyzer Messages



----------------
; Legal Notice ;
----------------
Copyright (C) 1991-2009 Altera Corporation
Your use of Altera Corporation's design tools, logic functions 
and other software and tools, and its AMPP partner logic 
functions, and any output files from any of the foregoing 
(including device programming or simulation files), and any 
associated documentation or information are expressly subject 
to the terms and conditions of the Altera Program License 
Subscription Agreement, Altera MegaCore Function License 
Agreement, or other applicable license agreement, including, 
without limitation, that your use is for the sole purpose of 
programming logic devices manufactured by Altera and sold by 
Altera or its authorized distributors.  Please refer to the 
applicable agreement for further details.



+------------------------------------------------------------------------------------------------------------------------------------------------------------+
; Timing Analyzer Summary                                                                                                                                    ;
+------------------------------+-------+---------------+------------------------------------------------+------+------+------------+----------+--------------+
; Type                         ; Slack ; Required Time ; Actual Time                                    ; From ; To   ; From Clock ; To Clock ; Failed Paths ;
+------------------------------+-------+---------------+------------------------------------------------+------+------+------------+----------+--------------+
; Worst-case tsu               ; N/A   ; None          ; 3.888 ns                                       ; inc  ; b[6] ; --         ; clk      ; 0            ;
; Worst-case tco               ; N/A   ; None          ; 6.614 ns                                       ; b[4] ; c[4] ; clk        ; --       ; 0            ;
; Worst-case th                ; N/A   ; None          ; -2.298 ns                                      ; a[4] ; b[4] ; --         ; clk      ; 0            ;
; Clock Setup: 'clk'           ; N/A   ; None          ; Restricted to 500.00 MHz ( period = 2.000 ns ) ; b[5] ; b[6] ; clk        ; clk      ; 0            ;
; Total number of failed paths ;       ;               ;                                                ;      ;      ;            ;          ; 0            ;
+------------------------------+-------+---------------+------------------------------------------------+------+------+------------+----------+--------------+


+--------------------------------------------------------------------------------------------------------------------+
; Timing Analyzer Settings                                                                                           ;
+---------------------------------------------------------------------+--------------------+------+----+-------------+
; Option                                                              ; Setting            ; From ; To ; Entity Name ;
+---------------------------------------------------------------------+--------------------+------+----+-------------+
; Device Name                                                         ; EP2S15F484C3       ;      ;    ;             ;
; Timing Models                                                       ; Final              ;      ;    ;             ;
; Default hold multicycle                                             ; Same as Multicycle ;      ;    ;             ;
; Cut paths between unrelated clock domains                           ; On                 ;      ;    ;             ;
; Cut off read during write signal paths                              ; On                 ;      ;    ;             ;
; Cut off feedback from I/O pins                                      ; On                 ;      ;    ;             ;
; Report Combined Fast/Slow Timing                                    ; Off                ;      ;    ;             ;
; Ignore Clock Settings                                               ; Off                ;      ;    ;             ;
; Analyze latches as synchronous elements                             ; On                 ;      ;    ;             ;
; Enable Recovery/Removal analysis                                    ; Off                ;      ;    ;             ;
; Enable Clock Latency                                                ; Off                ;      ;    ;             ;
; Use TimeQuest Timing Analyzer                                       ; Off                ;      ;    ;             ;
; Number of source nodes to report per destination node               ; 10                 ;      ;    ;             ;
; Number of destination nodes to report                               ; 10                 ;      ;    ;             ;
; Number of paths to report                                           ; 200                ;      ;    ;             ;
; Report Minimum Timing Checks                                        ; Off                ;      ;    ;             ;
; Use Fast Timing Models                                              ; Off                ;      ;    ;             ;
; Report IO Paths Separately                                          ; Off                ;      ;    ;             ;
; Perform Multicorner Analysis                                        ; On                 ;      ;    ;             ;
; Reports the worst-case path for each clock domain and analysis      ; Off                ;      ;    ;             ;
; Removes common clock path pessimism (CCPP) during slack computation ; Off                ;      ;    ;             ;
; Output I/O Timing Endpoint                                          ; Near End           ;      ;    ;             ;
+---------------------------------------------------------------------+--------------------+------+----+-------------+


+------------------------------------------------------------------------------------------------------------------------------------------------------------------------------------+
; Clock Settings Summary                                                                                                                                                             ;
+-----------------+--------------------+----------+------------------+---------------+--------------+----------+-----------------------+---------------------+--------+--------------+
; Clock Node Name ; Clock Setting Name ; Type     ; Fmax Requirement ; Early Latency ; Late Latency ; Based on ; Multiply Base Fmax by ; Divide Base Fmax by ; Offset ; Phase offset ;
+-----------------+--------------------+----------+------------------+---------------+--------------+----------+-----------------------+---------------------+--------+--------------+
; clk             ;                    ; User Pin ; None             ; 0.000 ns      ; 0.000 ns     ; --       ; N/A                   ; N/A                 ; N/A    ;              ;
+-----------------+--------------------+----------+------------------+---------------+--------------+----------+-----------------------+---------------------+--------+--------------+


Parallel compilation was disabled, but you have multiple processors available. Enable parallel compilation to reduce compilation time.
+-------------------------------------+
; Parallel Compilation                ;
+----------------------------+--------+
; Processors                 ; Number ;
+----------------------------+--------+
; Number detected on machine ; 4      ;
; Maximum allowed            ; 1      ;
+----------------------------+--------+


+----------------------------------------------------------------------------------------------------------------------------------------------------------------------------------+
; Clock Setup: 'clk'                                                                                                                                                               ;
+-------+------------------------------------------------+------+------+------------+----------+-----------------------------+---------------------------+-------------------------+
; Slack ; Actual fmax (period)                           ; From ; To   ; From Clock ; To Clock ; Required Setup Relationship ; Required Longest P2P Time ; Actual Longest P2P Time ;
+-------+------------------------------------------------+------+------+------------+----------+-----------------------------+---------------------------+-------------------------+
; N/A   ; Restricted to 500.00 MHz ( period = 2.000 ns ) ; b[5] ; b[0] ; clk        ; clk      ; None                        ; None                      ; 1.496 ns                ;
; N/A   ; Restricted to 500.00 MHz ( period = 2.000 ns ) ; b[5] ; b[7] ; clk        ; clk      ; None                        ; None                      ; 1.496 ns                ;
; N/A   ; Restricted to 500.00 MHz ( period = 2.000 ns ) ; b[5] ; b[5] ; clk        ; clk      ; None                        ; None                      ; 1.496 ns                ;
; N/A   ; Restricted to 500.00 MHz ( period = 2.000 ns ) ; b[5] ; b[1] ; clk        ; clk      ; None                        ; None                      ; 1.496 ns                ;
; N/A   ; Restricted to 500.00 MHz ( period = 2.000 ns ) ; b[5] ; b[4] ; clk        ; clk      ; None                        ; None                      ; 1.496 ns                ;
; N/A   ; Restricted to 500.00 MHz ( period = 2.000 ns ) ; b[5] ; b[2] ; clk        ; clk      ; None                        ; None                      ; 1.496 ns                ;
; N/A   ; Restricted to 500.00 MHz ( period = 2.000 ns ) ; b[5] ; b[3] ; clk        ; clk      ; None                        ; None                      ; 1.496 ns                ;
; N/A   ; Restricted to 500.00 MHz ( period = 2.000 ns ) ; b[5] ; b[6] ; clk        ; clk      ; None                        ; None                      ; 1.496 ns                ;
; N/A   ; Restricted to 500.00 MHz ( period = 2.000 ns ) ; b[0] ; b[0] ; clk        ; clk      ; None                        ; None                      ; 1.471 ns                ;
; N/A   ; Restricted to 500.00 MHz ( period = 2.000 ns ) ; b[0] ; b[7] ; clk        ; clk      ; None                        ; None                      ; 1.471 ns                ;
; N/A   ; Restricted to 500.00 MHz ( period = 2.000 ns ) ; b[0] ; b[5] ; clk        ; clk      ; None                        ; None                      ; 1.471 ns                ;
; N/A   ; Restricted to 500.00 MHz ( period = 2.000 ns ) ; b[0] ; b[1] ; clk        ; clk      ; None                        ; None                      ; 1.471 ns                ;
; N/A   ; Restricted to 500.00 MHz ( period = 2.000 ns ) ; b[0] ; b[4] ; clk        ; clk      ; None                        ; None                      ; 1.471 ns                ;
; N/A   ; Restricted to 500.00 MHz ( period = 2.000 ns ) ; b[0] ; b[2] ; clk        ; clk      ; None                        ; None                      ; 1.471 ns                ;
; N/A   ; Restricted to 500.00 MHz ( period = 2.000 ns ) ; b[0] ; b[3] ; clk        ; clk      ; None                        ; None                      ; 1.471 ns                ;
; N/A   ; Restricted to 500.00 MHz ( period = 2.000 ns ) ; b[0] ; b[6] ; clk        ; clk      ; None                        ; None                      ; 1.471 ns                ;
; N/A   ; Restricted to 500.00 MHz ( period = 2.000 ns ) ; b[2] ; b[0] ; clk        ; clk      ; None                        ; None                      ; 1.445 ns                ;
; N/A   ; Restricted to 500.00 MHz ( period = 2.000 ns ) ; b[2] ; b[7] ; clk        ; clk      ; None                        ; None                      ; 1.445 ns                ;
; N/A   ; Restricted to 500.00 MHz ( period = 2.000 ns ) ; b[2] ; b[5] ; clk        ; clk      ; None                        ; None                      ; 1.445 ns                ;
; N/A   ; Restricted to 500.00 MHz ( period = 2.000 ns ) ; b[2] ; b[1] ; clk        ; clk      ; None                        ; None                      ; 1.445 ns                ;
; N/A   ; Restricted to 500.00 MHz ( period = 2.000 ns ) ; b[2] ; b[4] ; clk        ; clk      ; None                        ; None                      ; 1.445 ns                ;
; N/A   ; Restricted to 500.00 MHz ( period = 2.000 ns ) ; b[2] ; b[2] ; clk        ; clk      ; None                        ; None                      ; 1.445 ns                ;
; N/A   ; Restricted to 500.00 MHz ( period = 2.000 ns ) ; b[2] ; b[3] ; clk        ; clk      ; None                        ; None                      ; 1.445 ns                ;
; N/A   ; Restricted to 500.00 MHz ( period = 2.000 ns ) ; b[2] ; b[6] ; clk        ; clk      ; None                        ; None                      ; 1.445 ns                ;
; N/A   ; Restricted to 500.00 MHz ( period = 2.000 ns ) ; b[1] ; b[0] ; clk        ; clk      ; None                        ; None                      ; 1.348 ns                ;
; N/A   ; Restricted to 500.00 MHz ( period = 2.000 ns ) ; b[1] ; b[7] ; clk        ; clk      ; None                        ; None                      ; 1.348 ns                ;
; N/A   ; Restricted to 500.00 MHz ( period = 2.000 ns ) ; b[1] ; b[5] ; clk        ; clk      ; None                        ; None                      ; 1.348 ns                ;
; N/A   ; Restricted to 500.00 MHz ( period = 2.000 ns ) ; b[1] ; b[1] ; clk        ; clk      ; None                        ; None                      ; 1.348 ns                ;
; N/A   ; Restricted to 500.00 MHz ( period = 2.000 ns ) ; b[1] ; b[4] ; clk        ; clk      ; None                        ; None                      ; 1.348 ns                ;
; N/A   ; Restricted to 500.00 MHz ( period = 2.000 ns ) ; b[1] ; b[2] ; clk        ; clk      ; None                        ; None                      ; 1.348 ns                ;
; N/A   ; Restricted to 500.00 MHz ( period = 2.000 ns ) ; b[1] ; b[3] ; clk        ; clk      ; None                        ; None                      ; 1.348 ns                ;
; N/A   ; Restricted to 500.00 MHz ( period = 2.000 ns ) ; b[1] ; b[6] ; clk        ; clk      ; None                        ; None                      ; 1.348 ns                ;
; N/A   ; Restricted to 500.00 MHz ( period = 2.000 ns ) ; b[4] ; b[0] ; clk        ; clk      ; None                        ; None                      ; 1.329 ns                ;
; N/A   ; Restricted to 500.00 MHz ( period = 2.000 ns ) ; b[4] ; b[7] ; clk        ; clk      ; None                        ; None                      ; 1.329 ns                ;
; N/A   ; Restricted to 500.00 MHz ( period = 2.000 ns ) ; b[4] ; b[5] ; clk        ; clk      ; None                        ; None                      ; 1.329 ns                ;
; N/A   ; Restricted to 500.00 MHz ( period = 2.000 ns ) ; b[4] ; b[1] ; clk        ; clk      ; None                        ; None                      ; 1.329 ns                ;
; N/A   ; Restricted to 500.00 MHz ( period = 2.000 ns ) ; b[4] ; b[4] ; clk        ; clk      ; None                        ; None                      ; 1.329 ns                ;
; N/A   ; Restricted to 500.00 MHz ( period = 2.000 ns ) ; b[4] ; b[2] ; clk        ; clk      ; None                        ; None                      ; 1.329 ns                ;
; N/A   ; Restricted to 500.00 MHz ( period = 2.000 ns ) ; b[4] ; b[3] ; clk        ; clk      ; None                        ; None                      ; 1.329 ns                ;
; N/A   ; Restricted to 500.00 MHz ( period = 2.000 ns ) ; b[4] ; b[6] ; clk        ; clk      ; None                        ; None                      ; 1.329 ns                ;
; N/A   ; Restricted to 500.00 MHz ( period = 2.000 ns ) ; b[3] ; b[0] ; clk        ; clk      ; None                        ; None                      ; 1.305 ns                ;
; N/A   ; Restricted to 500.00 MHz ( period = 2.000 ns ) ; b[3] ; b[7] ; clk        ; clk      ; None                        ; None                      ; 1.305 ns                ;
; N/A   ; Restricted to 500.00 MHz ( period = 2.000 ns ) ; b[3] ; b[5] ; clk        ; clk      ; None                        ; None                      ; 1.305 ns                ;
; N/A   ; Restricted to 500.00 MHz ( period = 2.000 ns ) ; b[3] ; b[1] ; clk        ; clk      ; None                        ; None                      ; 1.305 ns                ;
; N/A   ; Restricted to 500.00 MHz ( period = 2.000 ns ) ; b[3] ; b[4] ; clk        ; clk      ; None                        ; None                      ; 1.305 ns                ;
; N/A   ; Restricted to 500.00 MHz ( period = 2.000 ns ) ; b[3] ; b[2] ; clk        ; clk      ; None                        ; None                      ; 1.305 ns                ;
; N/A   ; Restricted to 500.00 MHz ( period = 2.000 ns ) ; b[3] ; b[3] ; clk        ; clk      ; None                        ; None                      ; 1.305 ns                ;
; N/A   ; Restricted to 500.00 MHz ( period = 2.000 ns ) ; b[3] ; b[6] ; clk        ; clk      ; None                        ; None                      ; 1.305 ns                ;
; N/A   ; Restricted to 500.00 MHz ( period = 2.000 ns ) ; b[6] ; b[0] ; clk        ; clk      ; None                        ; None                      ; 1.294 ns                ;
; N/A   ; Restricted to 500.00 MHz ( period = 2.000 ns ) ; b[6] ; b[7] ; clk        ; clk      ; None                        ; None                      ; 1.294 ns                ;
; N/A   ; Restricted to 500.00 MHz ( period = 2.000 ns ) ; b[6] ; b[5] ; clk        ; clk      ; None                        ; None                      ; 1.294 ns                ;
; N/A   ; Restricted to 500.00 MHz ( period = 2.000 ns ) ; b[6] ; b[1] ; clk        ; clk      ; None                        ; None                      ; 1.294 ns                ;
; N/A   ; Restricted to 500.00 MHz ( period = 2.000 ns ) ; b[6] ; b[4] ; clk        ; clk      ; None                        ; None                      ; 1.294 ns                ;
; N/A   ; Restricted to 500.00 MHz ( period = 2.000 ns ) ; b[6] ; b[2] ; clk        ; clk      ; None                        ; None                      ; 1.294 ns                ;
; N/A   ; Restricted to 500.00 MHz ( period = 2.000 ns ) ; b[6] ; b[3] ; clk        ; clk      ; None                        ; None                      ; 1.294 ns                ;
; N/A   ; Restricted to 500.00 MHz ( period = 2.000 ns ) ; b[6] ; b[6] ; clk        ; clk      ; None                        ; None                      ; 1.294 ns                ;
; N/A   ; Restricted to 500.00 MHz ( period = 2.000 ns ) ; b[7] ; b[0] ; clk        ; clk      ; None                        ; None                      ; 1.135 ns                ;
; N/A   ; Restricted to 500.00 MHz ( period = 2.000 ns ) ; b[7] ; b[7] ; clk        ; clk      ; None                        ; None                      ; 1.135 ns                ;
; N/A   ; Restricted to 500.00 MHz ( period = 2.000 ns ) ; b[7] ; b[5] ; clk        ; clk      ; None                        ; None                      ; 1.135 ns                ;
; N/A   ; Restricted to 500.00 MHz ( period = 2.000 ns ) ; b[7] ; b[1] ; clk        ; clk      ; None                        ; None                      ; 1.135 ns                ;
; N/A   ; Restricted to 500.00 MHz ( period = 2.000 ns ) ; b[7] ; b[4] ; clk        ; clk      ; None                        ; None                      ; 1.135 ns                ;
; N/A   ; Restricted to 500.00 MHz ( period = 2.000 ns ) ; b[7] ; b[2] ; clk        ; clk      ; None                        ; None                      ; 1.135 ns                ;
; N/A   ; Restricted to 500.00 MHz ( period = 2.000 ns ) ; b[7] ; b[3] ; clk        ; clk      ; None                        ; None                      ; 1.135 ns                ;
; N/A   ; Restricted to 500.00 MHz ( period = 2.000 ns ) ; b[7] ; b[6] ; clk        ; clk      ; None                        ; None                      ; 1.135 ns                ;
+-------+------------------------------------------------+------+------+------------+----------+-----------------------------+---------------------------+-------------------------+


+------------------------------------------------------------+
; tsu                                                        ;
+-------+--------------+------------+------+------+----------+
; Slack ; Required tsu ; Actual tsu ; From ; To   ; To Clock ;
+-------+--------------+------------+------+------+----------+
; N/A   ; None         ; 3.888 ns   ; inc  ; b[0] ; clk      ;
; N/A   ; None         ; 3.888 ns   ; inc  ; b[7] ; clk      ;
; N/A   ; None         ; 3.888 ns   ; inc  ; b[5] ; clk      ;
; N/A   ; None         ; 3.888 ns   ; inc  ; b[1] ; clk      ;
; N/A   ; None         ; 3.888 ns   ; inc  ; b[4] ; clk      ;
; N/A   ; None         ; 3.888 ns   ; inc  ; b[2] ; clk      ;
; N/A   ; None         ; 3.888 ns   ; inc  ; b[3] ; clk      ;
; N/A   ; None         ; 3.888 ns   ; inc  ; b[6] ; clk      ;
; N/A   ; None         ; 3.543 ns   ; a[0] ; b[0] ; clk      ;
; N/A   ; None         ; 3.512 ns   ; ld   ; b[0] ; clk      ;
; N/A   ; None         ; 3.512 ns   ; ld   ; b[7] ; clk      ;
; N/A   ; None         ; 3.512 ns   ; ld   ; b[5] ; clk      ;
; N/A   ; None         ; 3.512 ns   ; ld   ; b[1] ; clk      ;
; N/A   ; None         ; 3.512 ns   ; ld   ; b[4] ; clk      ;
; N/A   ; None         ; 3.512 ns   ; ld   ; b[2] ; clk      ;
; N/A   ; None         ; 3.512 ns   ; ld   ; b[3] ; clk      ;
; N/A   ; None         ; 3.512 ns   ; ld   ; b[6] ; clk      ;
; N/A   ; None         ; 3.327 ns   ; a[6] ; b[6] ; clk      ;
; N/A   ; None         ; 2.880 ns   ; a[3] ; b[3] ; clk      ;
; N/A   ; None         ; 2.759 ns   ; a[7] ; b[7] ; clk      ;
; N/A   ; None         ; 2.603 ns   ; a[5] ; b[5] ; clk      ;
; N/A   ; None         ; 2.547 ns   ; a[1] ; b[1] ; clk      ;
; N/A   ; None         ; 2.546 ns   ; a[2] ; b[2] ; clk      ;
; N/A   ; None         ; 2.537 ns   ; a[4] ; b[4] ; clk      ;
+-------+--------------+------------+------+------+----------+


+--------------------------------------------------------------+
; tco                                                          ;
+-------+--------------+------------+------+------+------------+
; Slack ; Required tco ; Actual tco ; From ; To   ; From Clock ;
+-------+--------------+------------+------+------+------------+
; N/A   ; None         ; 6.614 ns   ; b[4] ; c[4] ; clk        ;
; N/A   ; None         ; 6.251 ns   ; b[7] ; c[7] ; clk        ;
; N/A   ; None         ; 6.177 ns   ; b[3] ; c[3] ; clk        ;
; N/A   ; None         ; 5.923 ns   ; b[5] ; c[5] ; clk        ;
; N/A   ; None         ; 5.873 ns   ; b[2] ; c[2] ; clk        ;
; N/A   ; None         ; 5.557 ns   ; b[0] ; c[0] ; clk        ;
; N/A   ; None         ; 5.501 ns   ; b[1] ; c[1] ; clk        ;
; N/A   ; None         ; 5.434 ns   ; b[6] ; c[6] ; clk        ;
+-------+--------------+------------+------+------+------------+


+------------------------------------------------------------------+
; th                                                               ;
+---------------+-------------+-----------+------+------+----------+
; Minimum Slack ; Required th ; Actual th ; From ; To   ; To Clock ;
+---------------+-------------+-----------+------+------+----------+
; N/A           ; None        ; -2.298 ns ; a[4] ; b[4] ; clk      ;
; N/A           ; None        ; -2.307 ns ; a[2] ; b[2] ; clk      ;
; N/A           ; None        ; -2.308 ns ; a[1] ; b[1] ; clk      ;
; N/A           ; None        ; -2.364 ns ; a[5] ; b[5] ; clk      ;
; N/A           ; None        ; -2.520 ns ; a[7] ; b[7] ; clk      ;
; N/A           ; None        ; -2.641 ns ; a[3] ; b[3] ; clk      ;
; N/A           ; None        ; -3.088 ns ; a[6] ; b[6] ; clk      ;
; N/A           ; None        ; -3.177 ns ; ld   ; b[0] ; clk      ;
; N/A           ; None        ; -3.177 ns ; ld   ; b[7] ; clk      ;
; N/A           ; None        ; -3.177 ns ; ld   ; b[5] ; clk      ;
; N/A           ; None        ; -3.177 ns ; ld   ; b[1] ; clk      ;
; N/A           ; None        ; -3.177 ns ; ld   ; b[4] ; clk      ;
; N/A           ; None        ; -3.177 ns ; ld   ; b[2] ; clk      ;
; N/A           ; None        ; -3.177 ns ; ld   ; b[3] ; clk      ;
; N/A           ; None        ; -3.177 ns ; ld   ; b[6] ; clk      ;
; N/A           ; None        ; -3.304 ns ; a[0] ; b[0] ; clk      ;
; N/A           ; None        ; -3.620 ns ; inc  ; b[0] ; clk      ;
; N/A           ; None        ; -3.620 ns ; inc  ; b[7] ; clk      ;
; N/A           ; None        ; -3.620 ns ; inc  ; b[5] ; clk      ;
; N/A           ; None        ; -3.620 ns ; inc  ; b[1] ; clk      ;
; N/A           ; None        ; -3.620 ns ; inc  ; b[4] ; clk      ;
; N/A           ; None        ; -3.620 ns ; inc  ; b[2] ; clk      ;
; N/A           ; None        ; -3.620 ns ; inc  ; b[3] ; clk      ;
; N/A           ; None        ; -3.620 ns ; inc  ; b[6] ; clk      ;
+---------------+-------------+-----------+------+------+----------+


+--------------------------+
; Timing Analyzer Messages ;
+--------------------------+
Info: *******************************************************************
Info: Running Quartus II Classic Timing Analyzer
    Info: Version 9.0 Build 184 04/29/2009 Service Pack 1 SJ Web Edition
    Info: Processing started: Sun Dec 09 08:26:47 2018
Info: Command: quartus_tan --read_settings_files=off --write_settings_files=off PC -c PC --timing_analysis_only
Warning: Found pins functioning as undefined clocks and/or memory enables
    Info: Assuming node "clk" is an undefined clock
Info: Clock "clk" Internal fmax is restricted to 500.0 MHz between source register "b[5]" and destination register "b[0]"
    Info: fmax restricted to clock pin edge rate 2.0 ns. Expand message to see actual delay path.
        Info: + Longest register to register delay is 1.496 ns
            Info: 1: + IC(0.000 ns) + CELL(0.000 ns) = 0.000 ns; Loc. = LCFF_X29_Y4_N11; Fanout = 4; REG Node = 'b[5]'
            Info: 2: + IC(0.252 ns) + CELL(0.272 ns) = 0.524 ns; Loc. = LCCOMB_X29_Y4_N18; Fanout = 1; COMB Node = 'b[0]~24'
            Info: 3: + IC(0.205 ns) + CELL(0.154 ns) = 0.883 ns; Loc. = LCCOMB_X29_Y4_N24; Fanout = 8; COMB Node = 'b[0]~26'
            Info: 4: + IC(0.216 ns) + CELL(0.397 ns) = 1.496 ns; Loc. = LCFF_X29_Y4_N1; Fanout = 4; REG Node = 'b[0]'
            Info: Total cell delay = 0.823 ns ( 55.01 % )
            Info: Total interconnect delay = 0.673 ns ( 44.99 % )
        Info: - Smallest clock skew is 0.000 ns
            Info: + Shortest clock path from clock "clk" to destination register is 2.479 ns
                Info: 1: + IC(0.000 ns) + CELL(0.854 ns) = 0.854 ns; Loc. = PIN_N20; Fanout = 1; CLK Node = 'clk'
                Info: 2: + IC(0.343 ns) + CELL(0.000 ns) = 1.197 ns; Loc. = CLKCTRL_G3; Fanout = 8; COMB Node = 'clk~clkctrl'
                Info: 3: + IC(0.664 ns) + CELL(0.618 ns) = 2.479 ns; Loc. = LCFF_X29_Y4_N1; Fanout = 4; REG Node = 'b[0]'
                Info: Total cell delay = 1.472 ns ( 59.38 % )
                Info: Total interconnect delay = 1.007 ns ( 40.62 % )
            Info: - Longest clock path from clock "clk" to source register is 2.479 ns
                Info: 1: + IC(0.000 ns) + CELL(0.854 ns) = 0.854 ns; Loc. = PIN_N20; Fanout = 1; CLK Node = 'clk'
                Info: 2: + IC(0.343 ns) + CELL(0.000 ns) = 1.197 ns; Loc. = CLKCTRL_G3; Fanout = 8; COMB Node = 'clk~clkctrl'
                Info: 3: + IC(0.664 ns) + CELL(0.618 ns) = 2.479 ns; Loc. = LCFF_X29_Y4_N11; Fanout = 4; REG Node = 'b[5]'
                Info: Total cell delay = 1.472 ns ( 59.38 % )
                Info: Total interconnect delay = 1.007 ns ( 40.62 % )
        Info: + Micro clock to output delay of source is 0.094 ns
        Info: + Micro setup delay of destination is 0.090 ns
Info: tsu for register "b[0]" (data pin = "inc", clock pin = "clk") is 3.888 ns
    Info: + Longest pin to register delay is 6.277 ns
        Info: 1: + IC(0.000 ns) + CELL(0.857 ns) = 0.857 ns; Loc. = PIN_A8; Fanout = 2; PIN Node = 'inc'
        Info: 2: + IC(4.475 ns) + CELL(0.225 ns) = 5.557 ns; Loc. = LCCOMB_X29_Y4_N22; Fanout = 8; COMB Node = 'process_0~0'
        Info: 3: + IC(0.217 ns) + CELL(0.503 ns) = 6.277 ns; Loc. = LCFF_X29_Y4_N1; Fanout = 4; REG Node = 'b[0]'
        Info: Total cell delay = 1.585 ns ( 25.25 % )
        Info: Total interconnect delay = 4.692 ns ( 74.75 % )
    Info: + Micro setup delay of destination is 0.090 ns
    Info: - Shortest clock path from clock "clk" to destination register is 2.479 ns
        Info: 1: + IC(0.000 ns) + CELL(0.854 ns) = 0.854 ns; Loc. = PIN_N20; Fanout = 1; CLK Node = 'clk'
        Info: 2: + IC(0.343 ns) + CELL(0.000 ns) = 1.197 ns; Loc. = CLKCTRL_G3; Fanout = 8; COMB Node = 'clk~clkctrl'
        Info: 3: + IC(0.664 ns) + CELL(0.618 ns) = 2.479 ns; Loc. = LCFF_X29_Y4_N1; Fanout = 4; REG Node = 'b[0]'
        Info: Total cell delay = 1.472 ns ( 59.38 % )
        Info: Total interconnect delay = 1.007 ns ( 40.62 % )
Info: tco from clock "clk" to destination pin "c[4]" through register "b[4]" is 6.614 ns
    Info: + Longest clock path from clock "clk" to source register is 2.479 ns
        Info: 1: + IC(0.000 ns) + CELL(0.854 ns) = 0.854 ns; Loc. = PIN_N20; Fanout = 1; CLK Node = 'clk'
        Info: 2: + IC(0.343 ns) + CELL(0.000 ns) = 1.197 ns; Loc. = CLKCTRL_G3; Fanout = 8; COMB Node = 'clk~clkctrl'
        Info: 3: + IC(0.664 ns) + CELL(0.618 ns) = 2.479 ns; Loc. = LCFF_X29_Y4_N9; Fanout = 4; REG Node = 'b[4]'
        Info: Total cell delay = 1.472 ns ( 59.38 % )
        Info: Total interconnect delay = 1.007 ns ( 40.62 % )
    Info: + Micro clock to output delay of source is 0.094 ns
    Info: + Longest register to pin delay is 4.041 ns
        Info: 1: + IC(0.000 ns) + CELL(0.000 ns) = 0.000 ns; Loc. = LCFF_X29_Y4_N9; Fanout = 4; REG Node = 'b[4]'
        Info: 2: + IC(2.059 ns) + CELL(1.982 ns) = 4.041 ns; Loc. = PIN_A6; Fanout = 0; PIN Node = 'c[4]'
        Info: Total cell delay = 1.982 ns ( 49.05 % )
        Info: Total interconnect delay = 2.059 ns ( 50.95 % )
Info: th for register "b[4]" (data pin = "a[4]", clock pin = "clk") is -2.298 ns
    Info: + Longest clock path from clock "clk" to destination register is 2.479 ns
        Info: 1: + IC(0.000 ns) + CELL(0.854 ns) = 0.854 ns; Loc. = PIN_N20; Fanout = 1; CLK Node = 'clk'
        Info: 2: + IC(0.343 ns) + CELL(0.000 ns) = 1.197 ns; Loc. = CLKCTRL_G3; Fanout = 8; COMB Node = 'clk~clkctrl'
        Info: 3: + IC(0.664 ns) + CELL(0.618 ns) = 2.479 ns; Loc. = LCFF_X29_Y4_N9; Fanout = 4; REG Node = 'b[4]'
        Info: Total cell delay = 1.472 ns ( 59.38 % )
        Info: Total interconnect delay = 1.007 ns ( 40.62 % )
    Info: + Micro hold delay of destination is 0.149 ns
    Info: - Shortest pin to register delay is 4.926 ns
        Info: 1: + IC(0.000 ns) + CELL(0.847 ns) = 0.847 ns; Loc. = PIN_Y7; Fanout = 1; PIN Node = 'a[4]'
        Info: 2: + IC(3.770 ns) + CELL(0.309 ns) = 4.926 ns; Loc. = LCFF_X29_Y4_N9; Fanout = 4; REG Node = 'b[4]'
        Info: Total cell delay = 1.156 ns ( 23.47 % )
        Info: Total interconnect delay = 3.770 ns ( 76.53 % )
Info: Quartus II Classic Timing Analyzer was successful. 0 errors, 1 warning
    Info: Peak virtual memory: 217 megabytes
    Info: Processing ended: Sun Dec 09 08:26:47 2018
    Info: Elapsed time: 00:00:00
    Info: Total CPU time (on all processors): 00:00:00


