MIF/HEX Update report for part1
Thu Jan 04 00:52:41 2018
Quartus II Version 9.0 Build 184 04/29/2009 Service Pack 1 SJ Web Edition


---------------------
; Table of Contents ;
---------------------
  1. Legal Notice
  2. MIF/HEX Update Summary
  3. MIF/HEX Update Processed Files
  4. MIF/HEX Update Messages



----------------
; Legal Notice ;
----------------
Copyright (C) 1991-2009 Altera Corporation
Your use of Altera Corporation's design tools, logic functions 
and other software and tools, and its AMPP partner logic 
functions, and any output files from any of the foregoing 
(including device programming or simulation files), and any 
associated documentation or information are expressly subject 
to the terms and conditions of the Altera Program License 
Subscription Agreement, Altera MegaCore Function License 
Agreement, or other applicable license agreement, including, 
without limitation, that your use is for the sole purpose of 
programming logic devices manufactured by Altera and sold by 
Altera or its authorized distributors.  Please refer to the 
applicable agreement for further details.



+---------------------------------------------------------------+
; MIF/HEX Update Summary                                        ;
+-----------------------+---------------------------------------+
; MIF/HEX Update Status ; Successful - Thu Jan 04 00:52:41 2018 ;
; Revision Name         ; part1                                 ;
; Top-level Entity Name ; part1                                 ;
; Family                ; Stratix II                            ;
+-----------------------+---------------------------------------+


+--------------------------------+
; MIF/HEX Update Processed Files ;
+--------------------------------+
; File Name                      ;
+--------------------------------+
; D:/EX_CPU/part1/ram_reset.mif  ;
+--------------------------------+


+-------------------------+
; MIF/HEX Update Messages ;
+-------------------------+
Info: *******************************************************************
Info: Running Quartus II MIF/HEX Update
    Info: Version 9.0 Build 184 04/29/2009 Service Pack 1 SJ Web Edition
    Info: Processing started: Thu Jan 04 00:52:40 2018
Info: Command: quartus_cdb part1 -c part1 --update_mif
Info: Processed the following Memory Initialization File(s)
    Info: Processed Memory Initialization File D:/EX_CPU/part1/ram_reset.mif
Info: Quartus II MIF/HEX Update was successful. 0 errors, 0 warnings
    Info: Peak virtual memory: 301 megabytes
    Info: Processing ended: Thu Jan 04 00:52:41 2018
    Info: Elapsed time: 00:00:01
    Info: Total CPU time (on all processors): 00:00:00


